============================= test session starts ==============================
platform linux -- Python 3.11.15, pytest-9.1.1, pluggy-1.6.0 -- /opt/ama-venv/bin/python
benchmark: 5.3.0 (defaults: timer=time.perf_counter disable_gc=False min_rounds=5 min_time=0.000005 max_time=1.0 calibration_precision=10 warmup=False warmup_iterations=100000)
hypothesis profile 'default'
rootdir: /home/user/AMA-Cryptography
configfile: pyproject.toml
plugins: xdist-3.8.0, benchmark-5.3.0, hypothesis-6.167.1, anyio-4.14.2, timeout-2.4.0, cov-7.1.0
collecting ... collected 6825 items

tests/test_3r_efficacy_calibration.py::test_the_readme_states_the_measured_point_anomaly_rates PASSED [  0%]
tests/test_3r_efficacy_calibration.py::test_the_readme_states_the_measured_step_delays PASSED [  0%]
tests/test_3r_efficacy_calibration.py::test_the_table_is_the_measurement_not_a_placeholder PASSED [  0%]
tests/test_action_pin_checks.py::TestFindPins::test_extracts_action_sha_and_comment PASSED [  0%]
tests/test_action_pin_checks.py::TestFindPins::test_sub_path_action_resolves_to_its_base_repo PASSED [  0%]
tests/test_action_pin_checks.py::TestFindPins::test_a_mutable_tag_reference_is_not_counted_as_a_pin PASSED [  0%]
tests/test_action_pin_checks.py::TestFindPins::test_scans_yaml_as_well_as_yml PASSED [  0%]
tests/test_action_pin_checks.py::TestFindPins::test_repository_pins_parse PASSED [  0%]
tests/test_action_pin_checks.py::TestDisplayRef::test_prefers_a_tag_over_head PASSED [  0%]
tests/test_action_pin_checks.py::TestDisplayRef::test_dereferenced_tag_suffix_is_stripped PASSED [  0%]
tests/test_action_pin_checks.py::TestDisplayRef::test_falls_back_to_a_branch PASSED [  0%]
tests/test_action_pin_checks.py::TestDisplayRef::test_no_refs_is_not_an_exception PASSED [  0%]
tests/test_action_pin_checks.py::TestVerdict::test_unresolvable_sha_fails PASSED [  0%]
tests/test_action_pin_checks.py::TestVerdict::test_resolvable_sha_passes PASSED [  0%]
tests/test_action_pin_checks.py::TestVerdict::test_strict_rejects_a_comment_naming_the_wrong_tag PASSED [  0%]
tests/test_action_pin_checks.py::TestVerdict::test_a_wrong_comment_is_tolerated_without_strict PASSED [  0%]
tests/test_action_pin_checks.py::TestVerdict::test_strict_accepts_a_dereferenced_tag_match PASSED [  0%]
tests/test_action_pin_checks.py::TestVerdict::test_strict_tolerates_a_sha_carrying_no_tag PASSED [  0%]
tests/test_action_pin_checks.py::TestVerdict::test_unreachable_upstream_is_inconclusive_not_a_pass PASSED [  0%]
tests/test_action_pin_checks.py::TestVerdict::test_a_real_missing_pin_outranks_an_unreachable_one PASSED [  0%]
tests/test_action_pin_checks.py::TestVerdict::test_no_pins_at_all_fails_closed PASSED [  0%]
tests/test_action_pin_checks.py::TestUnpinnedReferencesAreRefused::test_an_unpinned_reference_is_reported[actions/checkout@v4-a version tag] PASSED [  0%]
tests/test_action_pin_checks.py::TestUnpinnedReferencesAreRefused::test_an_unpinned_reference_is_reported[actions/checkout@main-a branch] PASSED [  0%]
tests/test_action_pin_checks.py::TestUnpinnedReferencesAreRefused::test_an_unpinned_reference_is_reported[actions/checkout@3d3c42e-an abbreviated SHA] PASSED [  0%]
tests/test_action_pin_checks.py::TestUnpinnedReferencesAreRefused::test_an_unpinned_reference_is_reported[actions/checkout-no ref at all] PASSED [  0%]
tests/test_action_pin_checks.py::TestUnpinnedReferencesAreRefused::test_an_unpinned_reference_is_reported[some/action@3d3c42e5aac5ba805825da76410c181273ba90b1x-41 characters] PASSED [  0%]
tests/test_action_pin_checks.py::TestUnpinnedReferencesAreRefused::test_a_compliant_reference_is_accepted[actions/checkout@3d3c42e5aac5ba805825da76410c181273ba90b1-a full SHA] PASSED [  0%]
tests/test_action_pin_checks.py::TestUnpinnedReferencesAreRefused::test_a_compliant_reference_is_accepted[./.github/workflows/local.yml-a local reusable workflow] PASSED [  0%]
tests/test_action_pin_checks.py::TestUnpinnedReferencesAreRefused::test_a_compliant_reference_is_accepted[docker://alpine:3.19-a container reference] PASSED [  0%]
tests/test_action_pin_checks.py::TestUnpinnedReferencesAreRefused::test_a_commented_out_reference_is_not_a_violation PASSED [  0%]
tests/test_action_pin_checks.py::TestUnpinnedReferencesAreRefused::test_the_slsa_generator_exemption_is_named_and_reasoned PASSED [  0%]
tests/test_action_pin_checks.py::TestUnpinnedReferencesAreRefused::test_the_repository_has_no_unpinned_reference PASSED [  0%]
tests/test_action_pin_checks.py::TestUnpinnedReferencesAreRefused::test_an_empty_pin_set_fails_closed PASSED [  0%]
tests/test_acvp_attestation_coverage.py::test_the_coverage_map_is_not_empty PASSED [  0%]
tests/test_acvp_attestation_coverage.py::test_the_immutable_attestation_is_untouched PASSED [  0%]
tests/test_acvp_attestation_coverage.py::test_every_coverage_entry_names_a_real_corpus[ML-DSA-44 KeyGen + SigGen] PASSED [  0%]
tests/test_acvp_attestation_coverage.py::test_every_coverage_entry_names_a_real_corpus[ML-DSA-87 KeyGen + SigGen] PASSED [  0%]
tests/test_acvp_attestation_coverage.py::test_every_coverage_entry_names_a_real_corpus[ML-KEM-512 KeyGen + Decapsulation] PASSED [  0%]
tests/test_acvp_attestation_coverage.py::test_every_coverage_entry_names_a_real_corpus[ML-KEM-768 KeyGen + Decapsulation] PASSED [  0%]
tests/test_acvp_attestation_coverage.py::test_every_coverage_entry_names_a_real_corpus[NIST P-256 / P-384 / P-521 ECDSA] PASSED [  0%]
tests/test_acvp_attestation_coverage.py::test_every_record_count_matches_the_corpus[ML-DSA-44 KeyGen + SigGen] PASSED [  0%]
tests/test_acvp_attestation_coverage.py::test_every_record_count_matches_the_corpus[ML-DSA-87 KeyGen + SigGen] PASSED [  0%]
tests/test_acvp_attestation_coverage.py::test_every_record_count_matches_the_corpus[ML-KEM-512 KeyGen + Decapsulation] PASSED [  0%]
tests/test_acvp_attestation_coverage.py::test_every_record_count_matches_the_corpus[ML-KEM-768 KeyGen + Decapsulation] PASSED [  0%]
tests/test_acvp_attestation_coverage.py::test_the_single_corpus_list_is_not_empty PASSED [  0%]
tests/test_acvp_attestation_coverage.py::test_every_gate_names_a_test_that_exists[ML-DSA-44 KeyGen + SigGen] PASSED [  0%]
tests/test_acvp_attestation_coverage.py::test_every_gate_names_a_test_that_exists[ML-DSA-87 KeyGen + SigGen] PASSED [  0%]
tests/test_acvp_attestation_coverage.py::test_every_gate_names_a_test_that_exists[ML-KEM-512 KeyGen + Decapsulation] PASSED [  0%]
tests/test_acvp_attestation_coverage.py::test_every_gate_names_a_test_that_exists[ML-KEM-768 KeyGen + Decapsulation] PASSED [  0%]
tests/test_acvp_attestation_coverage.py::test_every_gate_names_a_test_that_exists[NIST P-256 / P-384 / P-521 ECDSA] PASSED [  0%]
tests/test_acvp_attestation_coverage.py::test_nothing_in_the_coverage_map_claims_acvp_attestation[ML-DSA-44 KeyGen + SigGen] PASSED [  0%]
tests/test_acvp_attestation_coverage.py::test_nothing_in_the_coverage_map_claims_acvp_attestation[ML-DSA-87 KeyGen + SigGen] PASSED [  0%]
tests/test_acvp_attestation_coverage.py::test_nothing_in_the_coverage_map_claims_acvp_attestation[ML-KEM-512 KeyGen + Decapsulation] PASSED [  0%]
tests/test_acvp_attestation_coverage.py::test_nothing_in_the_coverage_map_claims_acvp_attestation[ML-KEM-768 KeyGen + Decapsulation] PASSED [  0%]
tests/test_acvp_attestation_coverage.py::test_nothing_in_the_coverage_map_claims_acvp_attestation[NIST P-256 / P-384 / P-521 ECDSA] PASSED [  0%]
tests/test_acvp_attestation_coverage.py::test_every_implemented_pq_parameter_set_appears_somewhere PASSED [  0%]
tests/test_acvp_attestation_coverage.py::test_every_implemented_nist_curve_appears PASSED [  0%]
tests/test_acvp_claim_calibration.py::test_the_readme_states_the_attestations_skip_totals PASSED [  0%]
tests/test_acvp_claim_calibration.py::test_the_skip_totals_add_up PASSED [  0%]
tests/test_acvp_fetch_fails_closed.py::test_a_failed_fetch_is_returned_not_swallowed PASSED [  0%]
tests/test_acvp_fetch_fails_closed.py::test_main_fails_when_vectors_are_missing PASSED [  0%]
tests/test_acvp_fetch_fails_closed.py::test_main_succeeds_when_everything_was_fetched PASSED [  0%]
tests/test_acvp_fetch_fails_closed.py::test_the_fetch_goes_through_the_shared_retry_policy PASSED [  0%]
tests/test_acvp_harness_library_discovery.py::TestVersionedDiscovery::test_the_unversioned_symlink_is_preferred PASSED [  0%]
tests/test_acvp_harness_library_discovery.py::TestVersionedDiscovery::test_any_single_major_is_found[3] PASSED [  0%]
tests/test_acvp_harness_library_discovery.py::TestVersionedDiscovery::test_any_single_major_is_found[4] PASSED [  0%]
tests/test_acvp_harness_library_discovery.py::TestVersionedDiscovery::test_any_single_major_is_found[5] PASSED [  0%]
tests/test_acvp_harness_library_discovery.py::TestVersionedDiscovery::test_any_single_major_is_found[6] PASSED [  0%]
tests/test_acvp_harness_library_discovery.py::TestVersionedDiscovery::test_any_single_major_is_found[17] PASSED [  1%]
tests/test_acvp_harness_library_discovery.py::TestVersionedDiscovery::test_the_highest_major_wins_when_several_are_present PASSED [  1%]
tests/test_acvp_harness_library_discovery.py::TestVersionedDiscovery::test_full_version_suffixes_are_ordered_numerically PASSED [  1%]
tests/test_acvp_harness_library_discovery.py::TestVersionedDiscovery::test_an_unparseable_suffix_is_not_loaded PASSED [  1%]
tests/test_acvp_harness_library_discovery.py::TestVersionedDiscovery::test_only_an_unparseable_candidate_is_a_clean_failure PASSED [  1%]
tests/test_acvp_harness_library_discovery.py::TestVersionedDiscovery::test_nothing_present_names_the_remedy PASSED [  1%]
tests/test_acvp_harness_library_discovery.py::TestNoHardcodedMajorRemains::test_the_harness_does_not_pin_a_soname_major PASSED [  1%]
tests/test_adaptive_posture.py::TestPostureEvaluator::test_nominal_on_empty_report PASSED [  1%]
tests/test_adaptive_posture.py::TestPostureEvaluator::test_monitoring_disabled PASSED [  1%]
tests/test_adaptive_posture.py::TestPostureEvaluator::test_elevated_threshold PASSED [  1%]
tests/test_adaptive_posture.py::TestPostureEvaluator::test_critical_threshold PASSED [  1%]
tests/test_adaptive_posture.py::TestPostureEvaluator::test_a_stale_alert_cannot_hold_the_posture_at_critical PASSED [  1%]
tests/test_adaptive_posture.py::TestPostureEvaluator::test_the_effective_score_stays_inside_the_threshold_range PASSED [  1%]
tests/test_adaptive_posture.py::TestPostureEvaluator::test_decay_reduces_score PASSED [  1%]
tests/test_adaptive_posture.py::TestPostureEvaluator::test_reset_clears_state PASSED [  1%]
tests/test_adaptive_posture.py::TestPostureEvaluator::test_confidence_scales_with_alert_count PASSED [  1%]
tests/test_adaptive_posture.py::TestPostureEvaluator::test_pattern_alerts_contribute_to_score PASSED [  1%]
tests/test_adaptive_posture.py::TestPostureEvaluator::test_resonance_scoring PASSED [  1%]
tests/test_adaptive_posture.py::TestPostureEvaluator::test_resonance_below_threshold PASSED [  1%]
tests/test_adaptive_posture.py::TestCryptoPostureController::test_no_monitor_returns_nominal PASSED [  1%]
tests/test_adaptive_posture.py::TestCryptoPostureController::test_rotation_callback_triggered PASSED [  1%]
tests/test_adaptive_posture.py::TestCryptoPostureController::test_algorithm_switch_callback_triggered PASSED [  1%]
tests/test_adaptive_posture.py::TestCryptoPostureController::test_algorithm_upgrade_ordering PASSED [  1%]
tests/test_adaptive_posture.py::TestCryptoPostureController::test_no_upgrade_at_max_strength PASSED [  1%]
tests/test_adaptive_posture.py::TestCryptoPostureController::test_cooldown_prevents_rapid_rotation PASSED [  1%]
tests/test_adaptive_posture.py::TestCryptoPostureController::test_rotation_manager_integration PASSED [  1%]
tests/test_adaptive_posture.py::TestCryptoPostureController::test_hd_derivation_used_when_available PASSED [  1%]
tests/test_adaptive_posture.py::TestCryptoPostureController::test_history_bounded PASSED [  1%]
tests/test_adaptive_posture.py::TestCryptoPostureController::test_posture_summary PASSED [  1%]
tests/test_adaptive_posture.py::TestCryptoPostureController::test_reset_clears_all PASSED [  1%]
tests/test_adaptive_posture.py::TestCryptoPostureController::test_callback_exception_does_not_crash PASSED [  1%]
tests/test_adaptive_posture.py::TestCryptoPostureController::test_rotation_manager_exception_does_not_crash PASSED [  1%]
tests/test_adaptive_posture.py::TestCryptoPostureController::test_raising_get_active_key_is_caught_and_counts_as_attempted PASSED [  1%]
tests/test_adaptive_posture.py::TestCryptoPostureController::test_failed_rotation_does_not_arm_the_cooldown PASSED [  1%]
tests/test_adaptive_posture.py::TestCryptoPostureController::test_successful_rotation_arms_the_cooldown PASSED [  1%]
tests/test_adaptive_posture.py::TestCryptoPostureController::test_algorithm_switch_arms_the_cooldown PASSED [  1%]
tests/test_adaptive_posture.py::TestCryptoPostureController::test_a_cooldown_suppressed_switch_reports_false PASSED [  1%]
tests/test_adaptive_posture.py::TestCryptoPostureController::test_confirming_a_cooldown_suppressed_switch_keeps_it_pending PASSED [  1%]
tests/test_adaptive_posture.py::TestCryptoPostureController::test_failed_rotation_does_not_unthrottle_the_paired_switch PASSED [  1%]
tests/test_adaptive_posture.py::TestCryptoPostureController::test_unrankable_algorithm_is_rejected PASSED [  1%]
tests/test_adaptive_posture.py::TestFailedRotationBackoff::test_repeated_failures_do_not_retry_once_per_cycle PASSED [  1%]
tests/test_adaptive_posture.py::TestFailedRotationBackoff::test_key_identifiers_are_not_burned_per_cycle PASSED [  1%]
tests/test_adaptive_posture.py::TestFailedRotationBackoff::test_the_backoff_doubles_and_lands_on_the_cooldown PASSED [  1%]
tests/test_adaptive_posture.py::TestFailedRotationBackoff::test_each_failure_waits_longer_than_the_last PASSED [  1%]
tests/test_adaptive_posture.py::TestFailedRotationBackoff::test_the_cap_stops_further_attempts PASSED [  1%]
tests/test_adaptive_posture.py::TestFailedRotationBackoff::test_a_success_clears_the_streak PASSED [  1%]
tests/test_adaptive_posture.py::TestFailedRotationBackoff::test_reset_clears_the_suspension PASSED [  1%]
tests/test_adaptive_posture.py::TestFailedRotationBackoff::test_a_no_mechanism_trigger_is_not_a_failure PASSED [  1%]
tests/test_adaptive_posture.py::TestASuppressedRotationIsNotReportedAsExecuted::test_trigger_rotation_reports_suppression PASSED [  1%]
tests/test_adaptive_posture.py::TestASuppressedRotationIsNotReportedAsExecuted::test_the_backoff_guard_also_reports_suppression PASSED [  1%]
tests/test_adaptive_posture.py::TestASuppressedRotationIsNotReportedAsExecuted::test_confirm_action_does_not_consume_a_suppressed_action PASSED [  1%]
tests/test_adaptive_posture.py::TestASuppressedRotationIsNotReportedAsExecuted::test_confirm_action_still_works_when_nothing_is_suppressed PASSED [  1%]
tests/test_adaptive_posture.py::TestASuppressedRotationIsNotReportedAsExecuted::test_reset_is_the_only_exit_from_suspension PASSED [  1%]
tests/test_adaptive_posture.py::TestAlgorithmFamilies::test_every_kem_algorithm_type_is_rankable PASSED [  1%]
tests/test_adaptive_posture.py::TestAlgorithmFamilies::test_hybrid_kem_outranks_kyber PASSED [  1%]
tests/test_adaptive_posture.py::TestAlgorithmFamilies::test_signature_family_ordering_is_unchanged PASSED [  1%]
tests/test_adaptive_posture.py::TestAlgorithmFamilies::test_families_are_disjoint PASSED [  1%]
tests/test_adaptive_posture.py::TestAlgorithmFamilies::test_switch_never_leaves_the_family PASSED [  1%]
tests/test_adaptive_posture.py::TestAlgorithmFamilies::test_kem_escalation_reaches_hybrid_kem PASSED [  1%]
tests/test_adaptive_posture.py::TestAlgorithmFamilies::test_cross_family_assignment_trips_the_downgrade_alarm PASSED [  1%]
tests/test_adaptive_posture.py::TestAlgorithmFamilies::test_downgrade_detection_fires_for_an_unranked_name PASSED [  1%]
tests/test_adaptive_posture.py::TestMonitoringDocMatchesTheCode::test_the_documented_thresholds_are_the_constants PASSED [  1%]
tests/test_adaptive_posture.py::TestMonitoringDocMatchesTheCode::test_the_documented_weights_are_the_weights PASSED [  1%]
tests/test_adaptive_posture.py::TestMonitoringDocMatchesTheCode::test_the_documented_api_calls_exist PASSED [  1%]
tests/test_adaptive_posture.py::TestAnUnrankableAlgorithmCannotProduceADowngrade::test_escalating_from_a_cross_family_name_switches_nothing PASSED [  1%]
tests/test_adaptive_posture.py::TestAnUnrankableAlgorithmCannotProduceADowngrade::test_escalating_from_a_typo_switches_nothing PASSED [  1%]
tests/test_adaptive_posture.py::TestAnUnrankableAlgorithmCannotProduceADowngrade::test_a_ranked_algorithm_still_escalates PASSED [  1%]
tests/test_adaptive_posture.py::TestAnUnrankableAlgorithmCannotProduceADowngrade::test_the_weakest_rung_is_never_the_answer_to_an_escalation PASSED [  1%]
tests/test_adaptive_posture.py::TestTheDocumentedSnippetRuns::test_the_snippet_executes_against_the_shipped_api PASSED [  2%]
tests/test_adaptive_posture.py::TestTheDocumentedSnippetRuns::test_the_snippet_is_not_a_stub PASSED [  2%]
tests/test_adaptive_posture.py::TestTheDocumentedSnippetRuns::test_the_withdrawn_calls_are_gone PASSED [  2%]
tests/test_adaptive_posture_alert_window.py::TestAlertWindowSuppression::test_critical_survives_a_ten_alert_flood_via_scorable_alerts PASSED [  2%]
tests/test_adaptive_posture_alert_window.py::TestAlertWindowSuppression::test_fallback_to_recent_alerts_reproduces_the_suppression PASSED [  2%]
tests/test_adaptive_posture_alert_window.py::TestAlertWindowSuppression::test_report_exposes_the_full_retained_list_not_just_the_last_ten PASSED [  2%]
tests/test_adaptive_posture_clock_step.py::test_cooldown_does_not_wedge_after_backward_step PASSED [  2%]
tests/test_adaptive_posture_clock_step.py::test_grace_period_reanchors_after_backward_step PASSED [  2%]
tests/test_adaptive_posture_clock_step.py::test_alert_cursor_rebaselines_after_backward_step PASSED [  2%]
tests/test_adaptive_posture_decay_and_escalation.py::TestQuietPeriodsActuallyDecay::test_level_returns_to_nominal_after_a_burst PASSED [  2%]
tests/test_adaptive_posture_decay_and_escalation.py::TestQuietPeriodsActuallyDecay::test_the_lyapunov_term_stops_scoring_a_quiet_system PASSED [  2%]
tests/test_adaptive_posture_decay_and_escalation.py::TestSustainedStreamsEscalate::test_a_sawtooth_stream_just_over_the_threshold_escalates PASSED [  2%]
tests/test_adaptive_posture_decay_and_escalation.py::TestAlertCursorBoundaries::test_alerts_tying_the_cursor_are_still_scored PASSED [  2%]
tests/test_adaptive_posture_decay_and_escalation.py::TestAlertCursorBoundaries::test_an_untimestamped_alert_is_scored_exactly_once PASSED [  2%]
tests/test_adaptive_posture_rotation_accounting.py::TestRotationSuccessAccounting::test_healthy_notifier_does_not_mask_a_failing_kms PASSED [  2%]
tests/test_adaptive_posture_rotation_accounting.py::TestRotationSuccessAccounting::test_masked_failure_streak_eventually_trips_the_cap PASSED [  2%]
tests/test_adaptive_posture_rotation_accounting.py::TestRotationSuccessAccounting::test_successful_kms_rotation_still_arms_and_clears PASSED [  2%]
tests/test_adaptive_posture_rotation_accounting.py::TestRotationSuccessAccounting::test_callback_only_deployment_still_counts_the_callback PASSED [  2%]
tests/test_adaptive_posture_scenarios.py::TestThreatLevelEnum::test_enum_has_four_values PASSED [  2%]
tests/test_adaptive_posture_scenarios.py::TestThreatLevelEnum::test_enum_values_are_unique PASSED [  2%]
tests/test_adaptive_posture_scenarios.py::TestPostureEvaluatorInit::test_default_initialization PASSED [  2%]
tests/test_adaptive_posture_scenarios.py::TestPostureEvaluatorInit::test_default_threat_level_is_nominal PASSED [  2%]
tests/test_adaptive_posture_scenarios.py::TestPostureEvaluatorInit::test_custom_thresholds PASSED [  2%]
tests/test_adaptive_posture_scenarios.py::TestEscalation::test_escalation_requires_consecutive_evaluations PASSED [  2%]
tests/test_adaptive_posture_scenarios.py::TestEscalation::test_escalation_sequence_to_elevated PASSED [  2%]
tests/test_adaptive_posture_scenarios.py::TestEscalation::test_threshold_based_escalation PASSED [  2%]
tests/test_adaptive_posture_scenarios.py::TestDeescalation::test_deescalation_on_clean_reports PASSED [  2%]
tests/test_adaptive_posture_scenarios.py::TestMultipleSignals::test_multiple_anomaly_signals_combine PASSED [  2%]
tests/test_adaptive_posture_scenarios.py::TestDecayBehaviour::test_decay_reduces_accumulated_score PASSED [  2%]
tests/test_adaptive_posture_scenarios.py::TestDecayBehaviour::test_decay_rate_one_preserves_score PASSED [  2%]
tests/test_adversarial_pqc_hardening.py::TestKyberINDCCA2Malleability::test_single_byte_flip_produces_different_secret PASSED [  2%]
tests/test_adversarial_pqc_hardening.py::TestKyberINDCCA2Malleability::test_all_zero_ciphertext PASSED [  2%]
tests/test_adversarial_pqc_hardening.py::TestKyberINDCCA2Malleability::test_all_ff_ciphertext PASSED [  2%]
tests/test_adversarial_pqc_hardening.py::TestKyberINDCCA2Malleability::test_truncated_ciphertext_rejected PASSED [  2%]
tests/test_adversarial_pqc_hardening.py::TestKyberINDCCA2Malleability::test_extended_ciphertext_rejected PASSED [  2%]
tests/test_adversarial_pqc_hardening.py::TestKyberINDCCA2Malleability::test_random_ciphertext_implicit_rejection PASSED [  2%]
tests/test_adversarial_pqc_hardening.py::TestNoiseNKProtocolFuzzing::test_fuzzed_handshake_bytes_rejected PASSED [  2%]
tests/test_adversarial_pqc_hardening.py::TestNoiseNKProtocolFuzzing::test_wrong_protocol_name_rejected PASSED [  2%]
tests/test_adversarial_pqc_hardening.py::TestNoiseNKProtocolFuzzing::test_wrong_version_rejected PASSED [  2%]
tests/test_adversarial_pqc_hardening.py::TestNoiseNKProtocolFuzzing::test_tampered_response_signature_rejected PASSED [  2%]
tests/test_adversarial_pqc_hardening.py::TestNoiseNKProtocolFuzzing::test_fuzzed_channel_message_rejected PASSED [  2%]
tests/test_adversarial_pqc_hardening.py::TestRekeyDesynchronization::test_one_sided_rekey_causes_decrypt_failure PASSED [  2%]
tests/test_adversarial_pqc_hardening.py::TestRekeyDesynchronization::test_both_sides_rekey_restores_communication PASSED [  2%]
tests/test_adversarial_pqc_hardening.py::TestRekeyDesynchronization::test_double_rekey_one_side PASSED [  2%]
tests/test_adversarial_pqc_hardening.py::TestLargeSequenceGapDoS::test_replay_window_large_gap_performance PASSED [  2%]
tests/test_adversarial_pqc_hardening.py::TestLargeSequenceGapDoS::test_replay_window_base_advances_correctly PASSED [  2%]
tests/test_adversarial_pqc_hardening.py::TestLargeSequenceGapDoS::test_secure_session_large_gap PASSED [  2%]
tests/test_adversarial_pqc_hardening.py::TestHKDFDomainSeparation::test_different_info_produces_different_keys PASSED [  2%]
tests/test_adversarial_pqc_hardening.py::TestHKDFDomainSeparation::test_empty_vs_nonempty_info PASSED [  2%]
tests/test_adversarial_pqc_hardening.py::TestHKDFDomainSeparation::test_different_salt_produces_different_keys PASSED [  2%]
tests/test_adversarial_pqc_hardening.py::TestHKDFDomainSeparation::test_different_ikm_produces_different_keys PASSED [  2%]
tests/test_adversarial_pqc_hardening.py::TestHKDFDomainSeparation::test_zero_length_ikm_produces_output PASSED [  2%]
tests/test_adversarial_pqc_hardening.py::TestHKDFDomainSeparation::test_very_long_info PASSED [  2%]
tests/test_adversarial_pqc_hardening.py::TestMemoryDisclosureAfterDestruction::test_dilithium_keypair_wipe PASSED [  2%]
tests/test_adversarial_pqc_hardening.py::TestMemoryDisclosureAfterDestruction::test_kyber_keypair_wipe PASSED [  2%]
tests/test_adversarial_pqc_hardening.py::TestMemoryDisclosureAfterDestruction::test_sphincs_keypair_wipe PASSED [  2%]
tests/test_adversarial_pqc_hardening.py::TestMemoryDisclosureAfterDestruction::test_secure_buffer_zeroed_on_exit PASSED [  2%]
tests/test_adversarial_pqc_hardening.py::TestSPHINCSForgeryAttempts::test_flip_first_100_bytes PASSED [  2%]
tests/test_adversarial_pqc_hardening.py::TestSPHINCSForgeryAttempts::test_flip_last_byte PASSED [  2%]
tests/test_adversarial_pqc_hardening.py::TestSPHINCSForgeryAttempts::test_completely_random_signature PASSED [  2%]
tests/test_adversarial_pqc_hardening.py::TestSPHINCSForgeryAttempts::test_truncated_signature_rejected PASSED [  2%]
tests/test_adversarial_pqc_hardening.py::TestSPHINCSForgeryAttempts::test_wrong_public_key PASSED [  2%]
tests/test_adversarial_pqc_hardening.py::TestSPHINCSForgeryAttempts::test_wrong_message PASSED [  2%]
tests/test_adversarial_security.py::TestFaultInjection::test_dilithium_sig_bit_flip PASSED [  2%]
tests/test_adversarial_security.py::TestFaultInjection::test_dilithium_pk_bit_flip PASSED [  2%]
tests/test_adversarial_security.py::TestFaultInjection::test_dilithium_msg_bit_flip PASSED [  2%]
tests/test_adversarial_security.py::TestFaultInjection::test_kyber_ct_bit_flip PASSED [  2%]
tests/test_adversarial_security.py::TestFaultInjection::test_ed25519_sig_bit_flip PASSED [  2%]
tests/test_adversarial_security.py::TestFaultInjection::test_aes_gcm_ct_bit_flip PASSED [  3%]
tests/test_adversarial_security.py::TestFaultInjection::test_aes_gcm_tag_bit_flip PASSED [  3%]
tests/test_adversarial_security.py::TestBoundaryValues::test_dilithium_empty_message PASSED [  3%]
tests/test_adversarial_security.py::TestBoundaryValues::test_dilithium_large_message PASSED [  3%]
tests/test_adversarial_security.py::TestBoundaryValues::test_dilithium_single_byte_messages PASSED [  3%]
tests/test_adversarial_security.py::TestBoundaryValues::test_ed25519_empty_message PASSED [  3%]
tests/test_adversarial_security.py::TestBoundaryValues::test_aes_gcm_empty_plaintext PASSED [  3%]
tests/test_adversarial_security.py::TestBoundaryValues::test_aes_gcm_block_boundaries PASSED [  3%]
tests/test_adversarial_security.py::TestBoundaryValues::test_kyber_roundtrip_stress PASSED [  3%]
tests/test_adversarial_security.py::TestOracleResistance::test_aes_gcm_tag_mismatch_no_timing PASSED [  3%]
tests/test_adversarial_security.py::TestOracleResistance::test_kyber_implicit_rejection PASSED [  3%]
tests/test_adversarial_security.py::TestKeyMisuse::test_aes_gcm_wrong_key PASSED [  3%]
tests/test_adversarial_security.py::TestKeyMisuse::test_aes_gcm_wrong_nonce PASSED [  3%]
tests/test_adversarial_security.py::TestKeyMisuse::test_aes_gcm_wrong_aad PASSED [  3%]
tests/test_adversarial_security.py::TestKeyMisuse::test_aes_gcm_nonce_reuse_xor PASSED [  3%]
tests/test_adversarial_security.py::TestKeyMisuse::test_dilithium_wrong_key_verify PASSED [  3%]
tests/test_adversarial_security.py::TestKeyMisuse::test_kyber_wrong_sk_decap PASSED [  3%]
tests/test_adversarial_security.py::TestCrossAlgorithm::test_ed25519_sig_as_dilithium PASSED [  3%]
tests/test_adversarial_security.py::TestCrossAlgorithm::test_dilithium_sig_as_ed25519 PASSED [  3%]
tests/test_adversarial_security.py::TestCrossAlgorithm::test_random_bytes_as_dilithium_sig PASSED [  3%]
tests/test_adversarial_security.py::TestCrossAlgorithm::test_random_bytes_as_ed25519_sig PASSED [  3%]
tests/test_adversarial_security.py::TestCrossAlgorithm::test_dilithium_pk_as_kyber PASSED [  3%]
tests/test_adversarial_security.py::TestSecurityEdgeCases::test_aes_gcm_all_zero_inputs PASSED [  3%]
tests/test_adversarial_security.py::TestSecurityEdgeCases::test_aes_gcm_large_aad PASSED [  3%]
tests/test_adversarial_security.py::TestSecurityEdgeCases::test_dilithium_sig_both_verify PASSED [  3%]
tests/test_adversarial_security.py::TestSecurityEdgeCases::test_kyber_encap_different_each_time PASSED [  3%]
tests/test_adversarial_security.py::TestSecurityEdgeCases::test_aes_gcm_truncated_ciphertext PASSED [  3%]
tests/test_adversarial_security.py::TestSecurityEdgeCases::test_ed25519_various_msg_sizes PASSED [  3%]
tests/test_adversarial_security.py::TestSecurityEdgeCases::test_kyber_all_zero_sk PASSED [  3%]
tests/test_aes_gcm_counter_persistence.py::TestPersistenceHappyPath::test_persist_then_reload PASSED [  3%]
tests/test_aes_gcm_counter_persistence.py::TestPersistenceHappyPath::test_persist_merges_max PASSED [  3%]
tests/test_aes_gcm_counter_persistence.py::TestPersistenceErrorPaths::test_load_bad_json_raises PASSED [  3%]
tests/test_aes_gcm_counter_persistence.py::TestPersistenceErrorPaths::test_persist_raising_on_corrupt_file PASSED [  3%]
tests/test_aes_gcm_counter_persistence.py::TestPersistenceErrorPaths::test_persist_nonraising_on_corrupt_file PASSED [  3%]
tests/test_aes_gcm_counter_persistence.py::TestGetPersistPath::test_get_persist_path_uses_override PASSED [  3%]
tests/test_aes_gcm_counter_persistence.py::TestGetPersistPath::test_get_persist_path_default PASSED [  3%]
tests/test_aes_gcm_native.py::TestAESGCMNativeBasic::test_encrypt_decrypt_roundtrip PASSED [  3%]
tests/test_aes_gcm_native.py::TestAESGCMNativeBasic::test_encrypt_decrypt_with_aad PASSED [  3%]
tests/test_aes_gcm_native.py::TestAESGCMNativeBasic::test_wrong_key_fails PASSED [  3%]
tests/test_aes_gcm_native.py::TestAESGCMNativeBasic::test_wrong_nonce_fails PASSED [  3%]
tests/test_aes_gcm_native.py::TestAESGCMNativeBasic::test_tampered_ciphertext_fails PASSED [  3%]
tests/test_aes_gcm_native.py::TestAESGCMNativeBasic::test_tampered_tag_fails PASSED [  3%]
tests/test_aes_gcm_native.py::TestAESGCMNativeBasic::test_wrong_aad_fails PASSED [  3%]
tests/test_aes_gcm_native.py::TestAESGCMNativeEdgeCases::test_empty_plaintext PASSED [  3%]
tests/test_aes_gcm_native.py::TestAESGCMNativeEdgeCases::test_single_byte_plaintext PASSED [  3%]
tests/test_aes_gcm_native.py::TestAESGCMNativeEdgeCases::test_non_block_aligned_plaintext PASSED [  3%]
tests/test_aes_gcm_native.py::TestAESGCMNativeEdgeCases::test_large_plaintext PASSED [  3%]
tests/test_aes_gcm_native.py::TestAESGCMNativeEdgeCases::test_deterministic_encryption PASSED [  3%]
tests/test_aes_gcm_native.py::TestAESGCMInputValidation::test_wrong_key_length PASSED [  3%]
tests/test_aes_gcm_native.py::TestAESGCMInputValidation::test_wrong_nonce_length PASSED [  3%]
tests/test_aes_gcm_native.py::TestAESGCMInputValidation::test_wrong_tag_length PASSED [  3%]
tests/test_aes_gcm_native.py::TestAESGCMNISTVectors::test_nist_case_16 PASSED [  3%]
tests/test_aes_gcm_native.py::TestAESGCMInterop::test_native_encrypt_pyca_decrypt PASSED [  3%]
tests/test_aes_gcm_native.py::TestAESGCMInterop::test_pyca_encrypt_native_decrypt PASSED [  3%]
tests/test_aes_gcm_native.py::TestAESGCMProvider::test_provider_encrypt_decrypt PASSED [  3%]
tests/test_aes_gcm_native.py::TestAESGCMProvider::test_provider_with_aad PASSED [  3%]
tests/test_aes_gcm_native.py::TestAESGCMProvider::test_provider_auto_generates_nonce PASSED [  3%]
tests/test_aes_gcm_native.py::TestAESGCMProvider::test_nonce_counter_shared_across_instances PASSED [  3%]
tests/test_aes_gcm_vectors.py::TestNISTAES256Vectors::test_encrypt_matches_nist[NIST Case 13 (no PT, no AAD)] PASSED [  3%]
tests/test_aes_gcm_vectors.py::TestNISTAES256Vectors::test_encrypt_matches_nist[NIST Case 14 (PT, no AAD)] PASSED [  3%]
tests/test_aes_gcm_vectors.py::TestNISTAES256Vectors::test_encrypt_matches_nist[NIST Case 15 (no PT, AAD)] PASSED [  3%]
tests/test_aes_gcm_vectors.py::TestNISTAES256Vectors::test_encrypt_matches_nist[NIST Case 16 (PT + AAD)] PASSED [  3%]
tests/test_aes_gcm_vectors.py::TestNISTAES256Vectors::test_decrypt_matches_nist[NIST Case 13 (no PT, no AAD)] PASSED [  3%]
tests/test_aes_gcm_vectors.py::TestNISTAES256Vectors::test_decrypt_matches_nist[NIST Case 14 (PT, no AAD)] PASSED [  3%]
tests/test_aes_gcm_vectors.py::TestNISTAES256Vectors::test_decrypt_matches_nist[NIST Case 15 (no PT, AAD)] PASSED [  3%]
tests/test_aes_gcm_vectors.py::TestNISTAES256Vectors::test_decrypt_matches_nist[NIST Case 16 (PT + AAD)] PASSED [  3%]
tests/test_aes_gcm_vectors.py::TestGHASHEdgeCases::test_encrypt_decrypt_roundtrip[Single block PT, zero key] PASSED [  3%]
tests/test_aes_gcm_vectors.py::TestGHASHEdgeCases::test_encrypt_decrypt_roundtrip[3 blocks PT, no AAD] PASSED [  3%]
tests/test_aes_gcm_vectors.py::TestGHASHEdgeCases::test_encrypt_decrypt_roundtrip[1-byte AAD, no PT] PASSED [  4%]
tests/test_aes_gcm_vectors.py::TestGHASHEdgeCases::test_encrypt_decrypt_roundtrip[256-byte AAD, 1-byte PT] PASSED [  4%]
tests/test_aes_gcm_vectors.py::TestGHASHEdgeCases::test_empty_pt_empty_aad PASSED [  4%]
tests/test_aes_gcm_vectors.py::TestGHASHEdgeCases::test_non_block_aligned_aad PASSED [  4%]
tests/test_aes_gcm_vectors.py::TestGHASHEdgeCases::test_non_block_aligned_plaintext PASSED [  4%]
tests/test_aes_gcm_vectors.py::TestGHASHEdgeCases::test_large_aad PASSED [  4%]
tests/test_aes_gcm_vectors.py::TestGHASHEdgeCases::test_tampered_aad_bit_detected PASSED [  4%]
tests/test_aes_gcm_vectors.py::TestGHASHDispatch::test_dispatch_status PASSED [  4%]
tests/test_aes_gcm_vectors.py::TestGHASHDispatch::test_multi_block_consistency PASSED [  4%]
tests/test_aesni_is_not_gated_on_avx2.py::TestTheKernelNeedsNoAvx2::test_the_aesni_kernel_uses_no_256_bit_intrinsic PASSED [  4%]
tests/test_aesni_is_not_gated_on_avx2.py::TestTheKernelNeedsNoAvx2::test_the_aesni_kernel_does_use_aes_ni_and_pclmul PASSED [  4%]
tests/test_aesni_is_not_gated_on_avx2.py::TestTheKernelNeedsNoAvx2::test_the_vaes_kernel_does_need_avx2 PASSED [  4%]
tests/test_aesni_is_not_gated_on_avx2.py::TestTheKernelNeedsNoAvx2::test_the_portable_implementation_has_no_intrinsics PASSED [  4%]
tests/test_aesni_is_not_gated_on_avx2.py::TestTheBuildGatingMatchesThat::test_the_aesni_kernel_is_not_in_the_avx2_source_list PASSED [  4%]
tests/test_aesni_is_not_gated_on_avx2.py::TestTheBuildGatingMatchesThat::test_the_vaes_kernel_still_is PASSED [  4%]
tests/test_aesni_is_not_gated_on_avx2.py::TestTheBuildGatingMatchesThat::test_the_aesni_kernel_is_gated_on_the_architecture_alone PASSED [  4%]
tests/test_aesni_is_not_gated_on_avx2.py::TestTheBuildGatingMatchesThat::test_the_aesni_kernel_is_64_bit_only PASSED [  4%]
tests/test_aesni_is_not_gated_on_avx2.py::TestTheBuildGatingMatchesThat::test_sha_ni_flags_do_not_depend_on_the_aesni_kernel PASSED [  4%]
tests/test_aesni_is_not_gated_on_avx2.py::TestTheBuildGatingMatchesThat::test_the_new_source_list_reaches_the_library_target PASSED [  4%]
tests/test_aesni_is_not_gated_on_avx2.py::TestTheBuildGatingMatchesThat::test_the_dead_flag_is_gone_from_the_portable_translation_unit PASSED [  4%]
tests/test_aesni_is_not_gated_on_avx2.py::TestTheDispatchGatingMatchesThat::test_the_install_is_under_the_aesni_macro PASSED [  4%]
tests/test_aesni_is_not_gated_on_avx2.py::TestTheDispatchGatingMatchesThat::test_the_install_does_not_require_the_avx2_tier PASSED [  4%]
tests/test_aesni_is_not_gated_on_avx2.py::TestTheDispatchGatingMatchesThat::test_the_active_backend_reporter_can_see_it_without_avx2 PASSED [  4%]
tests/test_aesni_is_not_gated_on_avx2.py::TestTheDispatchGatingMatchesThat::test_the_public_accessor_and_the_report_share_one_answer PASSED [  4%]
tests/test_aesni_is_not_gated_on_avx2.py::TestTheDispatchGatingMatchesThat::test_the_vaes_upgrade_is_still_avx2_gated PASSED [  4%]
tests/test_aesni_is_not_gated_on_avx2.py::TestTheBuildProbeIsPlatformCorrect::test_the_generator_is_single_config_or_absent PASSED [  4%]
tests/test_aesni_is_not_gated_on_avx2.py::TestTheBuildProbeIsPlatformCorrect::test_the_artefact_is_found_in_either_layout PASSED [  4%]
tests/test_aesni_is_not_gated_on_avx2.py::TestTheBuildProbeIsPlatformCorrect::test_nothing_built_is_reported_as_nothing PASSED [  4%]
tests/test_aesni_is_not_gated_on_avx2.py::TestTheBackendAcrossBuildConfigurations::test_hardware_aes_survives_every_simd_configuration[simd-on] PASSED [  4%]
tests/test_aesni_is_not_gated_on_avx2.py::TestTheBackendAcrossBuildConfigurations::test_hardware_aes_survives_every_simd_configuration[avx2-off] PASSED [  4%]
tests/test_aesni_is_not_gated_on_avx2.py::TestTheBackendAcrossBuildConfigurations::test_hardware_aes_survives_every_simd_configuration[simd-off] PASSED [  4%]
tests/test_aesni_is_not_gated_on_avx2.py::TestMachOSymbolNormalization::test_macho_spellings_resolve_to_their_c_names PASSED [  4%]
tests/test_aesni_is_not_gated_on_avx2.py::TestMachOSymbolNormalization::test_elf_spellings_pass_through_untouched PASSED [  4%]
tests/test_agent_binding.py::TestConstruction::test_ephemeral_defaults PASSED [  4%]
tests/test_agent_binding.py::TestConstruction::test_requires_authorization_for_each_restricted_bit PASSED [  4%]
tests/test_agent_binding.py::TestConstruction::test_requires_authorization_for_non_ephemeral_lifetime PASSED [  4%]
tests/test_agent_binding.py::TestConstruction::test_encoding_is_fixed_width_and_stable PASSED [  4%]
tests/test_agent_binding.py::TestConstruction::test_repr_does_not_leak_the_tag PASSED [  4%]
tests/test_agent_binding.py::TestConstruction::test_boundary_validation[kwargs0-ValueError] PASSED [  4%]
tests/test_agent_binding.py::TestConstruction::test_boundary_validation[kwargs1-TypeError] PASSED [  4%]
tests/test_agent_binding.py::TestConstruction::test_boundary_validation[kwargs2-ValueError] PASSED [  4%]
tests/test_agent_binding.py::TestConstruction::test_boundary_validation[kwargs3-ValueError] PASSED [  4%]
tests/test_agent_binding.py::TestConstruction::test_replace_drops_the_authorization PASSED [  4%]
tests/test_agent_binding.py::TestFailClosed::test_persistent_derivation_refused_without_authorization PASSED [  4%]
tests/test_agent_binding.py::TestFailClosed::test_persistent_derivation_refused_with_wrong_key PASSED [  4%]
tests/test_agent_binding.py::TestFailClosed::test_persistent_derivation_refused_when_profile_absent PASSED [  4%]
tests/test_agent_binding.py::TestFailClosed::test_signature_context_refused_without_authorization PASSED [  4%]
tests/test_agent_binding.py::TestFailClosed::test_every_restricted_capability_is_gated PASSED [  4%]
tests/test_agent_binding.py::TestFailClosed::test_every_non_ephemeral_lifetime_is_gated PASSED [  4%]
tests/test_agent_binding.py::TestFailClosed::test_short_authority_key_refused PASSED [  4%]
tests/test_agent_binding.py::TestFailClosed::test_unrestricted_path_needs_no_key PASSED [  4%]
tests/test_agent_binding.py::TestFailClosed::test_is_permitted_does_not_swallow_argument_errors PASSED [  4%]
tests/test_agent_binding.py::TestFailClosed::test_derive_key_length_bounds[0] PASSED [  4%]
tests/test_agent_binding.py::TestFailClosed::test_derive_key_length_bounds[-1] PASSED [  4%]
tests/test_agent_binding.py::TestFailClosed::test_derive_key_length_bounds[8161] PASSED [  4%]
tests/test_agent_binding.py::TestSelfReplicationBinding::test_self_replicate_context_differs_from_data_sign PASSED [  4%]
tests/test_agent_binding.py::TestSelfReplicationBinding::test_context_is_not_the_authorization_tag PASSED [  4%]
tests/test_agent_binding.py::TestSelfReplicationBinding::test_note_signed_under_ephemeral_binding_cannot_be_replayed PASSED [  4%]
tests/test_agent_binding.py::TestSelfReplicationBinding::test_context_binds_a_real_ml_dsa_signature_end_to_end PASSED [  4%]
tests/test_agent_binding.py::TestTamperResistance::test_capability_escalation_after_authorization_is_refused PASSED [  4%]
tests/test_agent_binding.py::TestTamperResistance::test_lifetime_downgrade_does_not_reach_the_persistent_key PASSED [  4%]
tests/test_agent_binding.py::TestTamperResistance::test_single_bit_tag_flip_is_refused PASSED [  4%]
tests/test_agent_binding.py::TestTamperResistance::test_foreign_authority_cannot_mint_a_valid_tag PASSED [  4%]
tests/test_agent_binding.py::TestDomainSeparation::test_bound_output_differs_from_plain_hkdf PASSED [  4%]
tests/test_agent_binding.py::TestDomainSeparation::test_distinct_instances_derive_distinct_keys PASSED [  4%]
tests/test_agent_binding.py::TestDomainSeparation::test_capability_bit_changes_the_derivation PASSED [  4%]
tests/test_agent_binding.py::TestDomainSeparation::test_profile_hash_changes_the_derivation PASSED [  4%]
tests/test_agent_binding.py::TestDomainSeparation::test_info_length_is_bound_in PASSED [  4%]
tests/test_agent_binding.py::TestDomainSeparation::test_derivation_is_deterministic PASSED [  4%]
tests/test_agent_binding.py::TestDomainSeparation::test_long_info_takes_the_heap_path_and_stays_deterministic PASSED [  5%]
tests/test_agent_binding.py::TestDomainSeparation::test_encoding_determines_the_key PASSED [  5%]
tests/test_agent_binding.py::TestDomainSeparation::test_distinct_encodings_give_distinct_keys PASSED [  5%]
tests/test_agent_binding.py::TestEncodingInjectivity::test_all_field_combinations_encode_distinctly PASSED [  5%]
tests/test_agent_binding.py::TestEncodingInjectivity::test_instance_id_occupies_its_declared_slot PASSED [  5%]
tests/test_agent_binding.py::TestEncodingInjectivity::test_absent_profile_is_all_zero_on_the_wire PASSED [  5%]
tests/test_agent_binding.py::TestRandomizedOperatorFlow::test_issue_use_and_revoke_by_key_rotation PASSED [  5%]
tests/test_agentic_abuse_detectors.py::TestVolumeSpikeQuiescence::test_steady_load_never_fires PASSED [  5%]
tests/test_agentic_abuse_detectors.py::TestVolumeSpikeQuiescence::test_jittery_load_never_fires PASSED [  5%]
tests/test_agentic_abuse_detectors.py::TestVolumeSpikeQuiescence::test_gradual_ramp_never_fires PASSED [  5%]
tests/test_agentic_abuse_detectors.py::TestVolumeSpikeQuiescence::test_small_absolute_burst_never_fires PASSED [  5%]
tests/test_agentic_abuse_detectors.py::TestVolumeSpikeQuiescence::test_burst_before_warmup_never_fires PASSED [  5%]
tests/test_agentic_abuse_detectors.py::TestVolumeSpikeQuiescence::test_idle_gaps_do_not_leave_a_hot_baseline PASSED [  5%]
tests/test_agentic_abuse_detectors.py::TestVolumeSpikeDetection::test_burst_fires_once PASSED [  5%]
tests/test_agentic_abuse_detectors.py::TestVolumeSpikeDetection::test_ephemeral_key_churn_escalates_severity PASSED [  5%]
tests/test_agentic_abuse_detectors.py::TestVolumeSpikeDetection::test_hot_loop_on_one_key_is_only_a_warning PASSED [  5%]
tests/test_agentic_abuse_detectors.py::TestVolumeSpikeDetection::test_operations_have_independent_baselines PASSED [  5%]
tests/test_agentic_abuse_detectors.py::TestVolumeSpikeDetection::test_snapshot_reports_the_inverted_baseline PASSED [  5%]
tests/test_agentic_abuse_detectors.py::TestVolumeSpikeDetection::test_reset_clears_everything PASSED [  5%]
tests/test_agentic_abuse_detectors.py::TestVolumeSpikeDetection::test_constructor_validation[kwargs0] PASSED [  5%]
tests/test_agentic_abuse_detectors.py::TestVolumeSpikeDetection::test_constructor_validation[kwargs1] PASSED [  5%]
tests/test_agentic_abuse_detectors.py::TestVolumeSpikeDetection::test_constructor_validation[kwargs2] PASSED [  5%]
tests/test_agentic_abuse_detectors.py::TestVolumeSpikeDetection::test_constructor_validation[kwargs3] PASSED [  5%]
tests/test_agentic_abuse_detectors.py::TestVolumeSpikeDetection::test_constructor_validation[kwargs4] PASSED [  5%]
tests/test_agentic_abuse_detectors.py::TestVolumeSpikeDetection::test_constructor_validation[kwargs5] PASSED [  5%]
tests/test_agentic_abuse_detectors.py::TestVolumeSpikeDetection::test_empty_operation_name_rejected PASSED [  5%]
tests/test_agentic_abuse_detectors.py::TestVolumeSpikeResourceBounds::test_operation_name_space_is_bounded PASSED [  5%]
tests/test_agentic_abuse_detectors.py::TestVolumeSpikeResourceBounds::test_dropped_operations_does_not_disturb_tracked_ones PASSED [  5%]
tests/test_agentic_abuse_detectors.py::TestVolumeSpikeResourceBounds::test_fingerprint_cap_is_surfaced_not_swallowed PASSED [  5%]
tests/test_agentic_abuse_detectors.py::TestVolumeSpikeResourceBounds::test_uncapped_bucket_reports_an_exact_ratio PASSED [  5%]
tests/test_agentic_abuse_detectors.py::TestVolumeSpikeResourceBounds::test_reset_clears_the_drop_counter PASSED [  5%]
tests/test_agentic_abuse_detectors.py::TestVolumeSpikeStatistics::test_quiet_baseline_does_not_produce_giant_scores PASSED [  5%]
tests/test_agentic_abuse_detectors.py::TestVolumeSpikeStatistics::test_score_grows_with_burst_magnitude PASSED [  5%]
tests/test_agentic_abuse_detectors.py::TestVolumeSpikeStatistics::test_baseline_is_not_poisoned_by_the_scored_bucket PASSED [  5%]
tests/test_agentic_abuse_detectors.py::TestVolumeSpikeStatistics::test_scores_are_finite PASSED [  5%]
tests/test_agentic_abuse_detectors.py::TestNoteArtifactDetection::test_successor_notes_are_flagged PASSED [  5%]
tests/test_agentic_abuse_detectors.py::TestNoteArtifactDetection::test_signal_reports_its_evidence PASSED [  5%]
tests/test_agentic_abuse_detectors.py::TestNoteArtifactDetection::test_binary_payloads_are_rejected_cheaply PASSED [  5%]
tests/test_agentic_abuse_detectors.py::TestNoteArtifactDetection::test_signature_sized_random_payload_is_not_flagged PASSED [  5%]
tests/test_agentic_abuse_detectors.py::TestNoteArtifactDetection::test_short_payloads_are_never_flagged PASSED [  5%]
tests/test_agentic_abuse_detectors.py::TestNoteArtifactDetection::test_note_hidden_in_a_long_payload_tail_is_found PASSED [  5%]
tests/test_agentic_abuse_detectors.py::TestNoteArtifactDetection::test_note_hidden_in_the_middle_is_found PASSED [  5%]
tests/test_agentic_abuse_detectors.py::TestNoteArtifactDetection::test_scan_budget_is_respected PASSED [  5%]
tests/test_agentic_abuse_detectors.py::TestNoteArtifactDetection::test_all_buffer_types_agree_and_respect_the_budget[bytes] PASSED [  5%]
tests/test_agentic_abuse_detectors.py::TestNoteArtifactDetection::test_all_buffer_types_agree_and_respect_the_budget[bytearray] PASSED [  5%]
tests/test_agentic_abuse_detectors.py::TestNoteArtifactDetection::test_all_buffer_types_agree_and_respect_the_budget[memoryview] PASSED [  5%]
tests/test_agentic_abuse_detectors.py::TestNoteArtifactDetection::test_non_contiguous_memoryview_is_measured_in_bytes PASSED [  5%]
tests/test_agentic_abuse_detectors.py::TestNoteArtifactDetection::test_successor_family_can_be_disabled PASSED [  5%]
tests/test_agentic_abuse_detectors.py::TestNoteArtifactDetection::test_constructor_validation[kwargs0] PASSED [  5%]
tests/test_agentic_abuse_detectors.py::TestNoteArtifactDetection::test_constructor_validation[kwargs1] PASSED [  5%]
tests/test_agentic_abuse_detectors.py::TestNoteArtifactDetection::test_constructor_validation[kwargs2] PASSED [  5%]
tests/test_agentic_abuse_detectors.py::TestNoteArtifactDetection::test_constructor_validation[kwargs3] PASSED [  5%]
tests/test_agentic_abuse_detectors.py::TestNoteArtifactDetection::test_non_bytes_payload_rejected PASSED [  5%]
tests/test_agentic_abuse_detectors.py::TestNoteArtifactDetection::test_no_marker_is_claimed_by_two_families PASSED [  5%]
tests/test_agentic_abuse_detectors.py::TestNoteArtifactCalibration::test_no_false_positive_outside_the_threat_describing_files PASSED [  5%]
tests/test_agentic_abuse_detectors.py::TestNoteArtifactCalibration::test_notes_separate_from_the_corpus_by_a_measured_margin PASSED [  5%]
tests/test_agentic_abuse_detectors.py::TestNoteArtifactCalibration::test_tightening_the_threshold_only_removes_benign_files PASSED [  5%]
tests/test_agentic_abuse_detectors.py::TestNoteArtifactCalibration::test_calibration_does_not_depend_on_the_checkout_line_endings PASSED [  5%]
tests/test_agentic_abuse_detectors.py::TestKernelEquivalence::test_volume_scores_agree_to_floating_point_tolerance PASSED [  5%]
tests/test_agentic_abuse_detectors.py::TestKernelEquivalence::test_token_counts_match_exactly PASSED [  5%]
tests/test_agentic_abuse_detectors.py::TestKernelEquivalence::test_token_counts_match_on_arbitrary_bytes PASSED [  5%]
tests/test_agentic_abuse_detectors.py::TestKernelEquivalence::test_detector_agrees_with_the_fallback_path PASSED [  5%]
tests/test_agentic_abuse_detectors.py::TestPrintableGate::test_matches_the_scanner_counter_on_arbitrary_bytes PASSED [  5%]
tests/test_agentic_abuse_detectors.py::TestPrintableGate::test_matches_the_scanner_counter_property PASSED [  5%]
tests/test_agentic_abuse_detectors.py::TestPrintableGate::test_binary_reject_short_circuits_the_scan PASSED [  5%]
tests/test_agentic_abuse_detectors.py::TestPrintableGate::test_marker_tables_are_shared_between_instances PASSED [  5%]
tests/test_agentic_abuse_detectors.py::TestPrintableGate::test_subclass_with_its_own_markers_gets_its_own_table PASSED [  5%]
tests/test_agentic_abuse_detectors.py::TestHashHelpers::test_fnv1a64_matches_reference_vectors PASSED [  5%]
tests/test_agentic_abuse_detectors.py::TestHashHelpers::test_bigram_hash_is_order_sensitive PASSED [  6%]
tests/test_agentic_abuse_detectors.py::TestHashHelpers::test_bigram_hash_matches_reference_vectors PASSED [  6%]
tests/test_agentic_abuse_detectors.py::TestMonitorHooks::test_hooks_are_on_by_default PASSED [  6%]
tests/test_agentic_abuse_detectors.py::TestMonitorHooks::test_hooks_can_be_opted_out_of PASSED [  6%]
tests/test_agentic_abuse_detectors.py::TestMonitorHooks::test_default_monitor_wired_into_create_crypto_package PASSED [  6%]
tests/test_agentic_abuse_detectors.py::TestMonitorHooks::test_disabled_monitor_stays_silent_with_hooks_on PASSED [  6%]
tests/test_agentic_abuse_detectors.py::TestMonitorHooks::test_note_hook_records_an_alert PASSED [  6%]
tests/test_agentic_abuse_detectors.py::TestMonitorHooks::test_benign_payload_records_no_alert PASSED [  6%]
tests/test_agentic_abuse_detectors.py::TestMonitorHooks::test_volume_hook_records_an_alert PASSED [  6%]
tests/test_agentic_load_adversarial.py::TestHighConcurrencyAgenticLoad::test_detector_is_silent_under_sustained_parallel_load PASSED [  6%]
tests/test_agentic_load_adversarial.py::TestHighConcurrencyAgenticLoad::test_monitor_bookkeeping_survives_parallel_hooks PASSED [  6%]
tests/test_agentic_load_adversarial.py::TestHighConcurrencyAgenticLoad::test_binding_verdict_is_timing_independent_under_load PASSED [  6%]
tests/test_agentic_load_adversarial.py::TestHighConcurrencyAgenticLoad::test_ephemeral_binding_derivation_scales_across_threads PASSED [  6%]
tests/test_agentic_load_adversarial.py::TestFutureVersionNoteSimulation::test_unauthorized_successor_signature_is_refused PASSED [  6%]
tests/test_agentic_load_adversarial.py::TestFutureVersionNoteSimulation::test_persistence_key_for_the_note_is_refused PASSED [  6%]
tests/test_agentic_load_adversarial.py::TestFutureVersionNoteSimulation::test_note_detector_surfaces_the_artifact PASSED [  6%]
tests/test_agentic_load_adversarial.py::TestFutureVersionNoteSimulation::test_note_detector_ignores_the_signature_over_it PASSED [  6%]
tests/test_agentic_load_adversarial.py::TestFutureVersionNoteSimulation::test_bulk_note_generation_is_refused_on_every_attempt PASSED [  6%]
tests/test_agentic_load_adversarial.py::TestFutureVersionNoteSimulation::test_authorized_successor_binding_is_still_domain_separated PASSED [  6%]
tests/test_agentic_load_adversarial.py::TestLateralProbeSimulation::test_resonance_registers_the_probe_then_pivot PASSED [  6%]
tests/test_agentic_load_adversarial.py::TestLateralProbeSimulation::test_resonance_separates_probe_from_legitimate_traffic PASSED [  6%]
tests/test_agentic_load_adversarial.py::TestLateralProbeSimulation::test_resonance_holds_across_cadences_and_under_noise PASSED [  6%]
tests/test_agentic_load_adversarial.py::TestLateralProbeSimulation::test_legitimate_hd_derivation_raises_no_critical_anomaly PASSED [  6%]
tests/test_agentic_load_adversarial.py::TestLateralProbeSimulation::test_scheduled_key_rotation_raises_no_critical_anomaly PASSED [  6%]
tests/test_agentic_load_adversarial.py::TestLateralProbeSimulation::test_volume_detector_ignores_hd_derivation_fan_out PASSED [  6%]
tests/test_agentic_load_adversarial.py::TestFailClosedUnderLoad::test_parallel_attempts_to_force_persistence_all_abort PASSED [  6%]
tests/test_agentic_load_adversarial.py::TestFailClosedUnderLoad::test_guessing_the_authority_key_never_succeeds PASSED [  6%]
tests/test_agentic_load_adversarial.py::TestFailClosedUnderLoad::test_refusal_leaves_no_partial_output PASSED [  6%]
tests/test_agentic_load_adversarial.py::TestFailClosedUnderLoad::test_repeated_refusals_do_not_degrade_into_acceptance PASSED [  6%]
tests/test_algorithm_registry_gate.py::TestTheShippedTree::test_the_registry_is_complete_today PASSED [  6%]
tests/test_algorithm_registry_gate.py::TestTheShippedTree::test_the_scan_is_not_vacuous PASSED [  6%]
tests/test_algorithm_registry_gate.py::TestTheShippedTree::test_the_families_the_audit_found_missing_are_now_mapped PASSED [  6%]
tests/test_algorithm_registry_gate.py::TestTheShippedTree::test_every_parameter_set_is_declared_not_defaulted PASSED [  6%]
tests/test_algorithm_registry_gate.py::TestTheShippedTree::test_every_parameter_set_has_its_own_algorithm_row PASSED [  6%]
tests/test_algorithm_registry_gate.py::TestTheShippedTree::test_every_support_surface_is_declared_not_defaulted PASSED [  6%]
tests/test_algorithm_registry_gate.py::TestTheShippedTree::test_the_cli_reports_success PASSED [  6%]
tests/test_algorithm_registry_gate.py::TestTheRule::test_a_complete_registry_passes PASSED [  6%]
tests/test_algorithm_registry_gate.py::TestTheRule::test_a_missing_family_row_is_reported[FIPS 186-5] PASSED [  6%]
tests/test_algorithm_registry_gate.py::TestTheRule::test_a_missing_family_row_is_reported[NIST SP 800-56A] PASSED [  6%]
tests/test_algorithm_registry_gate.py::TestTheRule::test_a_missing_family_row_is_reported[NIST SP 800-208] PASSED [  6%]
tests/test_algorithm_registry_gate.py::TestTheRule::test_a_missing_family_row_is_reported[ML-KEM-512] PASSED [  6%]
tests/test_algorithm_registry_gate.py::TestTheRule::test_a_missing_family_row_is_reported[SLH-DSA-SHAKE-128s] PASSED [  6%]
tests/test_algorithm_registry_gate.py::TestTheRule::test_a_missing_parameter_set_row_is_reported[ML-DSA-44] PASSED [  6%]
tests/test_algorithm_registry_gate.py::TestTheRule::test_a_missing_parameter_set_row_is_reported[ML-DSA-87] PASSED [  6%]
tests/test_algorithm_registry_gate.py::TestTheRule::test_a_missing_parameter_set_row_is_reported[P-384] PASSED [  6%]
tests/test_algorithm_registry_gate.py::TestTheRule::test_a_missing_parameter_set_row_is_reported[HMAC-SHA-384] PASSED [  6%]
tests/test_algorithm_registry_gate.py::TestTheRule::test_a_missing_parameter_set_row_is_reported[HMAC-SHA-512] PASSED [  6%]
tests/test_algorithm_registry_gate.py::TestTheRule::test_a_missing_parameter_set_row_is_reported[HMAC-SHA3-256] PASSED [  6%]
tests/test_algorithm_registry_gate.py::TestTheRule::test_a_family_citation_does_not_satisfy_a_parameter_set PASSED [  6%]
tests/test_algorithm_registry_gate.py::TestTheRule::test_an_unmapped_family_is_reported PASSED [  6%]
tests/test_algorithm_registry_gate.py::TestTheRule::test_an_unmapped_parameter_set_is_reported PASSED [  6%]
tests/test_algorithm_registry_gate.py::TestTheRule::test_a_truncated_registry_fails_closed PASSED [  6%]
tests/test_algorithm_registry_gate.py::TestTheRule::test_a_collapsed_header_scan_fails_closed PASSED [  6%]
tests/test_algorithm_registry_gate.py::TestTheRule::test_a_header_with_no_parameter_sets_fails_closed PASSED [  6%]
tests/test_ama_cryptography_monitor.py::TestIncrementalStats::test_initialization_empty_state PASSED [  6%]
tests/test_ama_cryptography_monitor.py::TestIncrementalStats::test_single_value_addition PASSED [  6%]
tests/test_ama_cryptography_monitor.py::TestIncrementalStats::test_multiple_value_addition PASSED [  6%]
tests/test_ama_cryptography_monitor.py::TestIncrementalStats::test_mean_calculation_accuracy PASSED [  6%]
tests/test_ama_cryptography_monitor.py::TestIncrementalStats::test_standard_deviation_accuracy PASSED [  6%]
tests/test_ama_cryptography_monitor.py::TestIncrementalStats::test_variance_calculation PASSED [  6%]
tests/test_ama_cryptography_monitor.py::TestIncrementalStats::test_edge_case_zero_values PASSED [  6%]
tests/test_ama_cryptography_monitor.py::TestIncrementalStats::test_edge_case_negative_values PASSED [  6%]
tests/test_ama_cryptography_monitor.py::TestIncrementalStats::test_edge_case_very_large_values PASSED [  6%]
tests/test_ama_cryptography_monitor.py::TestIncrementalStats::test_numerical_stability_many_values PASSED [  6%]
tests/test_ama_cryptography_monitor.py::TestIncrementalStats::test_reset_functionality PASSED [  6%]
tests/test_ama_cryptography_monitor.py::TestIncrementalStats::test_get_stats_with_insufficient_data PASSED [  6%]
tests/test_ama_cryptography_monitor.py::TestIncrementalStats::test_update_returns_current_stats PASSED [  6%]
tests/test_ama_cryptography_monitor.py::TestIncrementalStats::test_consistency_with_numpy_random_data PASSED [  6%]
tests/test_ama_cryptography_monitor.py::TestResonanceTimingMonitor::test_initialization PASSED [  7%]
tests/test_ama_cryptography_monitor.py::TestResonanceTimingMonitor::test_record_timing_builds_baseline PASSED [  7%]
tests/test_ama_cryptography_monitor.py::TestResonanceTimingMonitor::test_anomaly_detection_no_baseline PASSED [  7%]
tests/test_ama_cryptography_monitor.py::TestResonanceTimingMonitor::test_anomaly_detection_with_baseline PASSED [  7%]
tests/test_ama_cryptography_monitor.py::TestResonanceTimingMonitor::test_anomaly_severity_levels PASSED [  7%]
tests/test_ama_cryptography_monitor.py::TestResonanceTimingMonitor::test_detect_resonance_insufficient_data PASSED [  7%]
tests/test_ama_cryptography_monitor.py::TestResonanceTimingMonitor::test_detect_resonance_with_periodic_pattern PASSED [  7%]
tests/test_ama_cryptography_monitor.py::TestResonanceTimingMonitor::test_history_pruning PASSED [  7%]
tests/test_ama_cryptography_monitor.py::TestRecursionPatternMonitor::test_initialization PASSED [  7%]
tests/test_ama_cryptography_monitor.py::TestRecursionPatternMonitor::test_record_package PASSED [  7%]
tests/test_ama_cryptography_monitor.py::TestRecursionPatternMonitor::test_analyze_patterns_insufficient_data PASSED [  7%]
tests/test_ama_cryptography_monitor.py::TestRecursionPatternMonitor::test_analyze_patterns_normal_behavior PASSED [  7%]
tests/test_ama_cryptography_monitor.py::TestRecursionPatternMonitor::test_analyze_patterns_detects_frequency_anomaly PASSED [  7%]
tests/test_ama_cryptography_monitor.py::TestRecursionPatternMonitor::test_recursive_feature_extraction PASSED [  7%]
tests/test_ama_cryptography_monitor.py::TestRecursionPatternMonitor::test_package_size_anomaly_detection PASSED [  7%]
tests/test_ama_cryptography_monitor.py::TestSharedMonitorConcurrency::test_pattern_monitor_analyze_survives_concurrent_recording PASSED [  7%]
tests/test_ama_cryptography_monitor.py::TestSharedMonitorConcurrency::test_security_report_survives_concurrent_first_time_operations PASSED [  7%]
tests/test_ama_cryptography_monitor.py::TestSharedMonitorConcurrency::test_detect_resonance_survives_concurrent_recording PASSED [  7%]
tests/test_ama_cryptography_monitor.py::TestRefactoringAnalyzer::test_initialization PASSED [  7%]
tests/test_ama_cryptography_monitor.py::TestRefactoringAnalyzer::test_analyze_simple_file PASSED [  7%]
tests/test_ama_cryptography_monitor.py::TestRefactoringAnalyzer::test_analyze_complex_file PASSED [  7%]
tests/test_ama_cryptography_monitor.py::TestRefactoringAnalyzer::test_complexity_calculation PASSED [  7%]
tests/test_ama_cryptography_monitor.py::TestRefactoringAnalyzer::test_recommendation_generation PASSED [  7%]
tests/test_ama_cryptography_monitor.py::TestRefactoringAnalyzer::test_analyze_invalid_file PASSED [  7%]
tests/test_ama_cryptography_monitor.py::TestAmaCryptographyMonitor::test_initialization_disabled PASSED [  7%]
tests/test_ama_cryptography_monitor.py::TestAmaCryptographyMonitor::test_initialization_enabled PASSED [  7%]
tests/test_ama_cryptography_monitor.py::TestAmaCryptographyMonitor::test_monitor_crypto_operation_disabled PASSED [  7%]
tests/test_ama_cryptography_monitor.py::TestAmaCryptographyMonitor::test_monitor_crypto_operation_enabled PASSED [  7%]
tests/test_ama_cryptography_monitor.py::TestAmaCryptographyMonitor::test_record_package_signing_disabled PASSED [  7%]
tests/test_ama_cryptography_monitor.py::TestAmaCryptographyMonitor::test_record_package_signing_enabled PASSED [  7%]
tests/test_ama_cryptography_monitor.py::TestAmaCryptographyMonitor::test_get_security_report_disabled PASSED [  7%]
tests/test_ama_cryptography_monitor.py::TestAmaCryptographyMonitor::test_get_security_report_enabled PASSED [  7%]
tests/test_ama_cryptography_monitor.py::TestAmaCryptographyMonitor::test_alert_pruning PASSED [  7%]
tests/test_ama_cryptography_monitor.py::TestMonitorIntegration::test_end_to_end_monitoring PASSED [  7%]
tests/test_ama_cryptography_monitor.py::TestResonanceFlagIsCalibrated::test_a_constant_series_does_not_resonate PASSED [  7%]
tests/test_ama_cryptography_monitor.py::TestResonanceFlagIsCalibrated::test_a_periodic_probe_still_resonates PASSED [  7%]
tests/test_ama_cryptography_monitor.py::TestResonanceFlagIsCalibrated::test_the_threshold_is_the_fisher_bar_for_the_bins_it_searched PASSED [  7%]
tests/test_ama_cryptography_monitor.py::TestResonanceFlagIsCalibrated::test_clean_aperiodic_traffic_is_within_the_declared_false_alarm_rate PASSED [  7%]
tests/test_ama_cryptography_monitor.py::TestTheMonitorIsBoundedAndItsReportIsASnapshot::test_operation_names_are_capped_and_the_drops_are_counted PASSED [  7%]
tests/test_ama_cryptography_monitor.py::TestTheMonitorIsBoundedAndItsReportIsASnapshot::test_an_admitted_operation_is_unaffected_by_the_cap PASSED [  7%]
tests/test_ama_cryptography_monitor.py::TestTheMonitorIsBoundedAndItsReportIsASnapshot::test_the_ratio_matrix_is_bounded_however_many_names_arrive PASSED [  7%]
tests/test_ama_cryptography_monitor.py::TestTheMonitorIsBoundedAndItsReportIsASnapshot::test_the_report_is_a_snapshot_not_the_live_state PASSED [  7%]
tests/test_ama_cryptography_monitor.py::TestTheMonitorIsBoundedAndItsReportIsASnapshot::test_cross_operation_alarms_stay_within_the_declared_budget PASSED [  7%]
tests/test_ama_cryptography_monitor.py::TestTheMonitorIsBoundedAndItsReportIsASnapshot::test_a_real_cross_operation_divergence_still_alarms PASSED [  7%]
tests/test_ama_cryptography_monitor.py::TestTheVolumeAllowListIsRealConfiguration::test_no_allow_list_counts_everything PASSED [  7%]
tests/test_ama_cryptography_monitor.py::TestTheVolumeAllowListIsRealConfiguration::test_an_allow_list_filters_and_counts_the_skips PASSED [  7%]
tests/test_ama_cryptography_monitor.py::TestTheVolumeAllowListIsRealConfiguration::test_the_shipped_constant_is_usable_as_that_list PASSED [  7%]
tests/test_ama_cryptography_monitor.py::TestTheVolumeAllowListIsRealConfiguration::test_an_empty_allow_list_is_rejected_rather_than_read_as_no_filter PASSED [  7%]
tests/test_ama_cryptography_monitor.py::TestTheVolumeAllowListIsRealConfiguration::test_a_filtered_operation_cannot_produce_a_spike PASSED [  7%]
tests/test_apt_retry_gate.py::test_gate_passes_on_the_tree PASSED        [  7%]
tests/test_apt_retry_gate.py::test_helper_exists_and_is_executable PASSED [  7%]
tests/test_apt_retry_gate.py::test_no_workflows_fails_closed PASSED      [  7%]
tests/test_apt_retry_gate.py::test_a_yaml_workflow_is_scanned_too PASSED [  7%]
tests/test_apt_retry_gate.py::test_a_yaml_only_tree_is_not_vacuous PASSED [  7%]
tests/test_apt_retry_gate.py::test_missing_helper_fails PASSED           [  7%]
tests/test_apt_retry_gate.py::test_gate_verdicts[          sudo apt-get install -y cmake-True-bare apt-get install] PASSED [  7%]
tests/test_apt_retry_gate.py::test_gate_verdicts[          sudo apt-get update-True-bare apt-get update] PASSED [  7%]
tests/test_apt_retry_gate.py::test_gate_verdicts[          apt install cmake-True-interactive apt install] PASSED [  7%]
tests/test_apt_retry_gate.py::test_gate_verdicts[          sudo apt-get dist-upgrade-True-dist-upgrade] PASSED [  7%]
tests/test_apt_retry_gate.py::test_gate_verdicts[          .github/scripts/apt-install.sh cmake-False-the helper] PASSED [  7%]
tests/test_apt_retry_gate.py::test_gate_verdicts[          # sudo apt-get install -y cmake-False-a YAML comment] PASSED [  7%]
tests/test_apt_retry_gate.py::test_gate_verdicts[      # This step has hung in `apt-get install` twice-False-prose] PASSED [  7%]
tests/test_apt_retry_gate.py::test_gate_verdicts[          apt-cache policy cmake-False-apt-cache reads nothing remote] PASSED [  7%]
tests/test_apt_retry_gate.py::test_gate_verdicts[          dpkg -l-False-dpkg] PASSED [  7%]
tests/test_apt_retry_gate.py::test_gate_verdicts[          sudo apt-get -y install cmake-True--y before install] PASSED [  7%]
tests/test_apt_retry_gate.py::test_gate_verdicts[          sudo apt-get -qq -y install cmake-True-two short options] PASSED [  7%]
tests/test_apt_retry_gate.py::test_gate_verdicts[          apt-get --no-install-recommends install cmake-True-long option before install] PASSED [  7%]
tests/test_apt_retry_gate.py::test_gate_verdicts[          apt-get -o Acquire::Retries=3 update-True--o Key=Value before update] PASSED [  7%]
tests/test_apt_retry_gate.py::test_gate_verdicts[          apt-get -t bookworm-backports install cmake-True--t suite before install] PASSED [  8%]
tests/test_apt_retry_gate.py::test_gate_verdicts[          sudo apt-get -y full-upgrade-True-full-upgrade] PASSED [  8%]
tests/test_apt_retry_gate.py::test_gate_verdicts[          aptitude -y install cmake-True-the third front-end] PASSED [  8%]
tests/test_apt_retry_gate.py::test_gate_verdicts[          echo 'adapt-get install nothing'-False-a word ending in apt-get] PASSED [  8%]
tests/test_apt_retry_gate.py::test_gate_verdicts[          apt-mark hold cmake-False-apt-mark touches no network] PASSED [  8%]
tests/test_apt_retry_gate.py::test_helper_installs_on_the_happy_path PASSED [  8%]
tests/test_apt_retry_gate.py::test_helper_refuses_an_empty_package_list PASSED [  8%]
tests/test_apt_retry_gate.py::test_helper_still_fails_when_the_package_is_unavailable PASSED [  8%]
tests/test_apt_retry_gate.py::test_helper_retries_before_giving_up PASSED [  8%]
tests/test_apt_retry_gate.py::test_each_bounded_attempt_escalates_to_sigkill PASSED [  8%]
tests/test_apt_retry_gate.py::test_apt_carries_its_own_acquire_timeouts PASSED [  8%]
tests/test_apt_retry_gate.py::test_a_sigterm_ignoring_apt_is_actually_killed PASSED [  8%]
tests/test_apt_retry_gate.py::test_the_backoff_default_is_fifteen_seconds PASSED [  8%]
tests/test_apt_retry_gate.py::test_the_total_budget_bounds_the_whole_script PASSED [  8%]
tests/test_apt_retry_gate.py::test_the_final_attempt_is_not_unbounded PASSED [  8%]
tests/test_apt_retry_gate.py::test_the_total_budget_fits_inside_the_shortest_job_that_uses_it PASSED [  8%]
tests/test_apt_retry_gate.py::test_the_bounded_phase_fits_inside_a_job_budget PASSED [  8%]
tests/test_apt_retry_gate.py::test_helper_rejects_a_nonsense_attempt_count PASSED [  8%]
tests/test_apt_retry_gate.py::test_the_image_lists_are_tried_before_the_network PASSED [  8%]
tests/test_apt_retry_gate.py::test_stale_lists_still_fall_through_to_a_refresh PASSED [  8%]
tests/test_apt_retry_gate.py::test_the_fast_path_cannot_mask_a_missing_package PASSED [  8%]
tests/test_apt_retry_gate.py::test_a_timed_out_final_attempt_is_diagnosed_not_a_bare_124 PASSED [  8%]
tests/test_apt_retry_gate.py::test_the_third_party_source_removal_is_not_extension_specific PASSED [  8%]
tests/test_apt_retry_gate.py::TestLogicalLinesAndSegmentScopedExemption::test_a_backslash_continuation_is_spliced PASSED [  8%]
tests/test_apt_retry_gate.py::TestLogicalLinesAndSegmentScopedExemption::test_a_comment_backslash_does_not_hide_the_next_line PASSED [  8%]
tests/test_apt_retry_gate.py::TestLogicalLinesAndSegmentScopedExemption::test_a_raw_call_after_the_helper_is_not_exempt PASSED [  8%]
tests/test_apt_retry_gate.py::TestLogicalLinesAndSegmentScopedExemption::test_the_helper_alone_is_still_exempt PASSED [  8%]
tests/test_apt_retry_gate.py::TestLogicalLinesAndSegmentScopedExemption::test_the_option_run_is_not_exponential PASSED [  8%]
tests/test_artefact_cache_poisoning.py::TestTheGateIsRealBeforeTheAttack::test_the_untampered_tree_imports PASSED [  8%]
tests/test_artefact_cache_poisoning.py::TestTheGateIsRealBeforeTheAttack::test_a_tampered_binding_is_refused PASSED [  8%]
tests/test_artefact_cache_poisoning.py::TestPoisonedArtefactCacheCannotDisarmTheGate::test_a_forged_binding_digest_in_pycache_does_not_pass PASSED [  8%]
tests/test_artefact_cache_poisoning.py::TestPoisonedArtefactCacheCannotDisarmTheGate::test_a_forged_native_digest_in_pycache_does_not_pass PASSED [  8%]
tests/test_artefact_cache_poisoning.py::TestTheParserFailsWithTheOneExceptionCallersHandle::test_a_non_utf8_artefact_raises_artefact_source_error PASSED [  8%]
tests/test_artefact_cache_poisoning.py::TestTheParserFailsWithTheOneExceptionCallersHandle::test_an_unparseable_artefact_raises_artefact_source_error PASSED [  8%]
tests/test_artefact_cache_poisoning.py::TestTheParserFailsWithTheOneExceptionCallersHandle::test_an_empty_artefact_is_an_error_not_an_unsigned_tree PASSED [  8%]
tests/test_artefact_cache_poisoning.py::TestTheParserFailsWithTheOneExceptionCallersHandle::test_a_missing_artefact_is_none_not_an_error PASSED [  8%]
tests/test_artefact_cache_poisoning.py::TestTheParserFailsWithTheOneExceptionCallersHandle::test_every_failure_mode_is_one_exception_type PASSED [  8%]
tests/test_ascon.py::test_hash256_known_answer_vectors PASSED            [  8%]
tests/test_ascon.py::test_aead128_known_answer_vectors PASSED            [  8%]
tests/test_ascon.py::test_round_trip_across_lengths PASSED               [  8%]
tests/test_ascon.py::test_every_tag_bit_flip_is_rejected PASSED          [  8%]
tests/test_ascon.py::test_ciphertext_and_aad_tampering_are_rejected PASSED [  8%]
tests/test_ascon.py::test_wrong_key_or_nonce_is_rejected PASSED          [  8%]
tests/test_ascon.py::test_empty_message_vectors PASSED                   [  8%]
tests/test_ascon.py::test_digest_and_key_sizes PASSED                    [  8%]
tests/test_ascon.py::test_wrong_sized_arguments_are_refused[15-16-16] PASSED [  8%]
tests/test_ascon.py::test_wrong_sized_arguments_are_refused[17-16-16] PASSED [  8%]
tests/test_ascon.py::test_wrong_sized_arguments_are_refused[16-15-16] PASSED [  8%]
tests/test_ascon.py::test_wrong_sized_arguments_are_refused[16-17-16] PASSED [  8%]
tests/test_ascon.py::test_wrong_sized_arguments_are_refused[16-16-15] PASSED [  8%]
tests/test_ascon.py::test_non_bytes_arguments_are_refused[string] PASSED [  8%]
tests/test_ascon.py::test_non_bytes_arguments_are_refused[42] PASSED     [  8%]
tests/test_ascon.py::test_non_bytes_arguments_are_refused[None] PASSED   [  8%]
tests/test_ascon.py::test_non_bytes_arguments_are_refused[bad3] PASSED   [  8%]
tests/test_ascon.py::test_bytearray_and_memoryview_accepted PASSED       [  8%]
tests/test_ascon.py::test_hash_is_deterministic_and_sensitive PASSED     [  8%]
tests/test_ascon.py::test_nonce_reuse_leaks_the_first_rate_block PASSED  [  8%]
tests/test_ascon.py::test_property_round_trip PASSED                     [  8%]
tests/test_ascon.py::test_property_ciphertext_tampering_always_rejected PASSED [  8%]
tests/test_ascon.py::test_property_hash_length_and_determinism PASSED    [  8%]
tests/test_ascon.py::test_property_hash_is_injective_on_samples PASSED   [  8%]
tests/test_avx_scoping_gate.py::test_the_gate_file_names_the_defect_class PASSED [  8%]
tests/test_avx_scoping_gate.py::test_kernel_symbols_are_allowed_to_carry_vectors[ama_kyber_ntt_avx2] PASSED [  8%]
tests/test_avx_scoping_gate.py::test_kernel_symbols_are_allowed_to_carry_vectors[ama_dilithium_invntt_avx2] PASSED [  8%]
tests/test_avx_scoping_gate.py::test_kernel_symbols_are_allowed_to_carry_vectors[ama_keccak_f1600_x4_avx512] PASSED [  8%]
tests/test_avx_scoping_gate.py::test_kernel_symbols_are_allowed_to_carry_vectors[ama_sphincs_wots_chain_avx2.part.0] PASSED [  8%]
tests/test_avx_scoping_gate.py::test_kernel_symbols_are_allowed_to_carry_vectors[ama_kyber_ntt_avx2.constprop.0] PASSED [  8%]
tests/test_avx_scoping_gate.py::test_kernel_symbols_are_allowed_to_carry_vectors[fe_mul_x4] PASSED [  8%]
tests/test_avx_scoping_gate.py::test_kernel_symbols_are_allowed_to_carry_vectors[fe25519_10_contract] PASSED [  8%]
tests/test_avx_scoping_gate.py::test_non_kernel_symbols_are_not[ama_aes_sbox_consttime] PASSED [  9%]
tests/test_avx_scoping_gate.py::test_non_kernel_symbols_are_not[ama_argon2id_core] PASSED [  9%]
tests/test_avx_scoping_gate.py::test_non_kernel_symbols_are_not[kyber_decapsulate_internal] PASSED [  9%]
tests/test_avx_scoping_gate.py::test_non_kernel_symbols_are_not[ama_ed25519_keypair] PASSED [  9%]
tests/test_avx_scoping_gate.py::test_non_kernel_symbols_are_not[some_avx2_helper] PASSED [  9%]
tests/test_avx_scoping_gate.py::test_non_kernel_symbols_are_not[memcpy] PASSED [  9%]
tests/test_avx_scoping_gate.py::test_vector_operands_are_attributed_to_their_enclosing_symbol PASSED [  9%]
tests/test_avx_scoping_gate.py::test_zmm_operands_are_counted PASSED     [  9%]
tests/test_avx_scoping_gate.py::test_intel_syntax_bare_registers_are_counted PASSED [  9%]
tests/test_avx_scoping_gate.py::test_xmm_is_not_counted PASSED           [  9%]
tests/test_avx_scoping_gate.py::test_every_family_has_a_sample_instruction PASSED [  9%]
tests/test_avx_scoping_gate.py::test_each_family_pattern_matches_its_own_instruction[AVX/AVX2/AVX-512 (YMM/ZMM)] PASSED [  9%]
tests/test_avx_scoping_gate.py::test_each_family_pattern_matches_its_own_instruction[AES-NI] PASSED [  9%]
tests/test_avx_scoping_gate.py::test_each_family_pattern_matches_its_own_instruction[PCLMULQDQ] PASSED [  9%]
tests/test_avx_scoping_gate.py::test_each_family_pattern_matches_its_own_instruction[SHA-NI (Intel SHA Extensions)] PASSED [  9%]
tests/test_avx_scoping_gate.py::test_each_family_pattern_matches_its_own_instruction[BMI1/BMI2/ADX] PASSED [  9%]
tests/test_avx_scoping_gate.py::test_each_family_pattern_matches_its_own_instruction[SSSE3] PASSED [  9%]
tests/test_avx_scoping_gate.py::test_each_family_pattern_matches_its_own_instruction[SSE4.1] PASSED [  9%]
tests/test_avx_scoping_gate.py::test_each_family_owns_its_required_kernels[AVX/AVX2/AVX-512 (YMM/ZMM)] PASSED [  9%]
tests/test_avx_scoping_gate.py::test_each_family_owns_its_required_kernels[AES-NI] PASSED [  9%]
tests/test_avx_scoping_gate.py::test_each_family_owns_its_required_kernels[PCLMULQDQ] PASSED [  9%]
tests/test_avx_scoping_gate.py::test_each_family_owns_its_required_kernels[SHA-NI (Intel SHA Extensions)] PASSED [  9%]
tests/test_avx_scoping_gate.py::test_each_family_owns_its_required_kernels[BMI1/BMI2/ADX] PASSED [  9%]
tests/test_avx_scoping_gate.py::test_each_family_owns_its_required_kernels[SSSE3] PASSED [  9%]
tests/test_avx_scoping_gate.py::test_each_family_owns_its_required_kernels[SSE4.1] PASSED [  9%]
tests/test_avx_scoping_gate.py::test_a_leak_in_any_family_fails_the_gate[AVX/AVX2/AVX-512 (YMM/ZMM)] PASSED [  9%]
tests/test_avx_scoping_gate.py::test_a_leak_in_any_family_fails_the_gate[AES-NI] PASSED [  9%]
tests/test_avx_scoping_gate.py::test_a_leak_in_any_family_fails_the_gate[PCLMULQDQ] PASSED [  9%]
tests/test_avx_scoping_gate.py::test_a_leak_in_any_family_fails_the_gate[SHA-NI (Intel SHA Extensions)] PASSED [  9%]
tests/test_avx_scoping_gate.py::test_a_leak_in_any_family_fails_the_gate[BMI1/BMI2/ADX] PASSED [  9%]
tests/test_avx_scoping_gate.py::test_a_leak_in_any_family_fails_the_gate[SSSE3] PASSED [  9%]
tests/test_avx_scoping_gate.py::test_a_leak_in_any_family_fails_the_gate[SSE4.1] PASSED [  9%]
tests/test_avx_scoping_gate.py::test_a_missing_required_kernel_fails_the_gate[AVX/AVX2/AVX-512 (YMM/ZMM)] PASSED [  9%]
tests/test_avx_scoping_gate.py::test_a_missing_required_kernel_fails_the_gate[AES-NI] PASSED [  9%]
tests/test_avx_scoping_gate.py::test_a_missing_required_kernel_fails_the_gate[PCLMULQDQ] PASSED [  9%]
tests/test_avx_scoping_gate.py::test_a_missing_required_kernel_fails_the_gate[SHA-NI (Intel SHA Extensions)] PASSED [  9%]
tests/test_avx_scoping_gate.py::test_a_missing_required_kernel_fails_the_gate[BMI1/BMI2/ADX] PASSED [  9%]
tests/test_avx_scoping_gate.py::test_a_missing_required_kernel_fails_the_gate[SSSE3] PASSED [  9%]
tests/test_avx_scoping_gate.py::test_a_missing_required_kernel_fails_the_gate[SSE4.1] SKIPPED [  9%]
tests/test_avx_scoping_gate.py::test_call_sites_of_a_kernel_are_not_read_as_occurrences PASSED [  9%]
tests/test_avx_scoping_gate.py::test_main_passes_a_scoped_object PASSED  [  9%]
tests/test_avx_scoping_gate.py::test_main_fails_when_a_non_kernel_symbol_carries_a_vector PASSED [  9%]
tests/test_avx_scoping_gate.py::test_main_fails_when_a_required_kernel_is_absent PASSED [  9%]
tests/test_avx_scoping_gate.py::test_main_fails_closed_below_the_floor PASSED [  9%]
tests/test_avx_scoping_gate.py::test_main_fails_closed_on_a_missing_object PASSED [  9%]
tests/test_bandit_severity_gate.py::test_low_severity_medium_confidence_passes PASSED [  9%]
tests/test_bandit_severity_gate.py::test_medium_severity_medium_confidence_blocks PASSED [  9%]
tests/test_bandit_severity_gate.py::test_every_combination_at_or_above_both_floors_blocks[MEDIUM-MEDIUM] PASSED [  9%]
tests/test_bandit_severity_gate.py::test_every_combination_at_or_above_both_floors_blocks[MEDIUM-HIGH] PASSED [  9%]
tests/test_bandit_severity_gate.py::test_every_combination_at_or_above_both_floors_blocks[HIGH-MEDIUM] PASSED [  9%]
tests/test_bandit_severity_gate.py::test_every_combination_at_or_above_both_floors_blocks[HIGH-HIGH] PASSED [  9%]
tests/test_bandit_severity_gate.py::test_below_the_confidence_floor_does_not_block_but_is_printed[UNDEFINED] PASSED [  9%]
tests/test_bandit_severity_gate.py::test_below_the_confidence_floor_does_not_block_but_is_printed[LOW] PASSED [  9%]
tests/test_bandit_severity_gate.py::test_below_the_severity_floor_is_not_reported_at_all[UNDEFINED] PASSED [  9%]
tests/test_bandit_severity_gate.py::test_below_the_severity_floor_is_not_reported_at_all[LOW] PASSED [  9%]
tests/test_bandit_severity_gate.py::test_a_missing_report_fails PASSED   [  9%]
tests/test_bandit_severity_gate.py::test_a_report_that_is_not_a_bandit_report_fails[not json-this is not json] PASSED [  9%]
tests/test_bandit_severity_gate.py::test_a_report_that_is_not_a_bandit_report_fails[json but not an object-[]] PASSED [  9%]
tests/test_bandit_severity_gate.py::test_a_report_that_is_not_a_bandit_report_fails[no results list-{"metrics": {"_totals": {"loc": 1}}}] PASSED [  9%]
tests/test_bandit_severity_gate.py::test_a_report_that_is_not_a_bandit_report_fails[no metrics-{"results": []}] PASSED [  9%]
tests/test_bandit_severity_gate.py::test_a_report_that_is_not_a_bandit_report_fails[no _totals-{"results": [], "metrics": {}}] PASSED [  9%]
tests/test_bandit_severity_gate.py::test_scan_errors_fail_the_gate PASSED [  9%]
tests/test_bandit_severity_gate.py::test_an_empty_scan_fails PASSED      [  9%]
tests/test_bandit_severity_gate.py::test_a_pre_filtered_report_fails PASSED [  9%]
tests/test_bandit_severity_gate.py::test_an_unrecognised_severity_fails PASSED [  9%]
tests/test_bandit_severity_gate.py::test_the_workflow_runs_the_gate[security.yml] PASSED [  9%]
tests/test_bandit_severity_gate.py::test_the_workflow_runs_the_gate[ci-build-test.yml] PASSED [  9%]
tests/test_bandit_severity_gate.py::test_the_workflow_generates_an_unfiltered_report[security.yml] PASSED [  9%]
tests/test_bandit_severity_gate.py::test_the_workflow_generates_an_unfiltered_report[ci-build-test.yml] PASSED [ 10%]
tests/test_bandit_severity_gate.py::test_no_workflow_still_greps_the_text_report PASSED [ 10%]
tests/test_bandit_severity_gate.py::test_the_real_tree_passes_the_gate PASSED [ 10%]
tests/test_basic.py::test_version PASSED                                 [ 10%]
tests/test_basic.py::test_version_consistency PASSED                     [ 10%]
tests/test_basic.py::test_author PASSED                                  [ 10%]
tests/test_basic.py::test_imports PASSED                                 [ 10%]
tests/test_basic.py::test_equation_engine_exists PASSED                  [ 10%]
tests/test_basic.py::test_mathematical_constants PASSED                  [ 10%]
tests/test_benchmark_baseline_freshness.py::test_baseline_declares_its_validity_window[baseline.json] PASSED [ 10%]
tests/test_benchmark_baseline_freshness.py::test_baseline_declares_its_validity_window[arm-baseline.json] PASSED [ 10%]
tests/test_benchmark_baseline_freshness.py::test_baseline_has_not_outlived_its_window[baseline.json] PASSED [ 10%]
tests/test_benchmark_baseline_freshness.py::test_baseline_has_not_outlived_its_window[arm-baseline.json] PASSED [ 10%]
[...]
tests/test_workflow_command_checks.py::TestReleasePublishing::test_non_release_steps_are_ignored PASSED [ 97%]
tests/test_workflow_command_checks.py::TestReleasePublishing::test_step_security_fork_is_covered PASSED [ 97%]
tests/test_workflow_command_checks.py::TestReleasePublishing::test_every_listed_release_action_is_matched PASSED [ 97%]
tests/test_workflow_command_checks.py::TestReleasePublishingReplantedDefects::test_pre_fix_shape_reports_all_three PASSED [ 97%]
tests/test_workflow_command_checks.py::TestReleasePublishingReplantedDefects::test_post_fix_shape_passes PASSED [ 97%]
tests/test_workflow_command_checks.py::TestExpressionSyntax::test_the_shipped_defect_is_caught PASSED [ 97%]
tests/test_workflow_command_checks.py::TestExpressionSyntax::test_every_arithmetic_operator_is_rejected[${{ matrix.n * 2 }}] PASSED [ 97%]
tests/test_workflow_command_checks.py::TestExpressionSyntax::test_every_arithmetic_operator_is_rejected[${{ matrix.n + 1 }}] PASSED [ 97%]
tests/test_workflow_command_checks.py::TestExpressionSyntax::test_every_arithmetic_operator_is_rejected[${{ (matrix.a) / 4 }}] PASSED [ 97%]
tests/test_workflow_command_checks.py::TestExpressionSyntax::test_every_arithmetic_operator_is_rejected[${{ matrix.a % 8 }}] PASSED [ 98%]
tests/test_workflow_command_checks.py::TestExpressionSyntax::test_legitimate_expressions_are_not_flagged[${{ github.ref != 'refs/heads/main' && github.event_name != 'schedule' }}] PASSED [ 98%]
tests/test_workflow_command_checks.py::TestExpressionSyntax::test_legitimate_expressions_are_not_flagged[${{ !cancelled() }}] PASSED [ 98%]
tests/test_workflow_command_checks.py::TestExpressionSyntax::test_legitimate_expressions_are_not_flagged[${{ contains(needs.*.result, 'failure') }}] PASSED [ 98%]
tests/test_workflow_command_checks.py::TestExpressionSyntax::test_legitimate_expressions_are_not_flagged[${{ matrix.os }}] PASSED [ 98%]
tests/test_workflow_command_checks.py::TestExpressionSyntax::test_legitimate_expressions_are_not_flagged[${{ github.event.inputs.measurements || '100000' }}] PASSED [ 98%]
tests/test_workflow_command_checks.py::TestExpressionSyntax::test_legitimate_expressions_are_not_flagged[${{ steps.confirm.outputs.supported == 'true' }}] PASSED [ 98%]
tests/test_workflow_command_checks.py::TestExpressionSyntax::test_legitimate_expressions_are_not_flagged[${{ hashFiles('**/requirements*.txt') }}] PASSED [ 98%]
tests/test_workflow_command_checks.py::TestExpressionSyntax::test_a_lone_equals_and_a_bare_if_are_rejected[steps.setup-python.outcome = 'failure'] PASSED [ 98%]
tests/test_workflow_command_checks.py::TestExpressionSyntax::test_a_lone_equals_and_a_bare_if_are_rejected[${{ steps.setup-python.outcome = 'failure' }}] PASSED [ 98%]
tests/test_workflow_command_checks.py::TestExpressionSyntax::test_a_lone_equals_and_a_bare_if_are_rejected[matrix.n * 2] PASSED [ 98%]
tests/test_workflow_command_checks.py::TestExpressionSyntax::test_a_lone_equals_and_a_bare_if_are_rejected[github.event_name = 'push' && github.ref == 'refs/heads/main'] PASSED [ 98%]
tests/test_workflow_command_checks.py::TestExpressionSyntax::test_legitimate_bare_conditions_are_not_flagged[steps.setup-python.outcome == 'failure'] PASSED [ 98%]
tests/test_workflow_command_checks.py::TestExpressionSyntax::test_legitimate_bare_conditions_are_not_flagged[github.ref != 'refs/heads/main' && github.event_name != 'schedule'] PASSED [ 98%]
tests/test_workflow_command_checks.py::TestExpressionSyntax::test_legitimate_bare_conditions_are_not_flagged[matrix.python-version >= '3.11' || matrix.os <= 'z'] PASSED [ 98%]
tests/test_workflow_command_checks.py::TestExpressionSyntax::test_legitimate_bare_conditions_are_not_flagged[always()] PASSED [ 98%]
tests/test_workflow_command_checks.py::TestExpressionSyntax::test_legitimate_bare_conditions_are_not_flagged[contains(github.ref, 'refs/tags/v=')] PASSED [ 98%]
tests/test_workflow_command_checks.py::TestExpressionSyntax::test_legitimate_bare_conditions_are_not_flagged[github.event.inputs.tag == ''] PASSED [ 98%]
tests/test_workflow_command_checks.py::TestExpressionSyntax::test_the_check_inspects_something PASSED [ 98%]
tests/test_workflow_command_checks.py::TestExpressionSyntax::test_the_real_arm_workflow_parses_and_has_both_vector_lengths PASSED [ 98%]
tests/test_workflow_command_checks.py::TestCmakeBuildType::test_missing_build_type_is_reported PASSED [ 98%]
tests/test_workflow_command_checks.py::TestCmakeBuildType::test_release_is_accepted PASSED [ 98%]
tests/test_workflow_command_checks.py::TestCmakeBuildType::test_none_states_the_unoptimized_intent_and_is_accepted PASSED [ 98%]
tests/test_workflow_command_checks.py::TestCmakeBuildType::test_explicit_dash_o_in_c_flags_is_accepted PASSED [ 98%]
tests/test_workflow_command_checks.py::TestCmakeBuildType::test_line_continuations_are_one_command PASSED [ 98%]
tests/test_workflow_command_checks.py::TestCmakeBuildType::test_a_bare_cmake_with_every_flag_on_continuation_lines_is_seen PASSED [ 98%]
tests/test_workflow_command_checks.py::TestCmakeBuildType::test_build_and_install_and_script_mode_are_not_configures PASSED [ 98%]
tests/test_workflow_command_checks.py::TestCmakeBuildType::test_cmake_as_a_package_or_requirement_is_not_a_configure PASSED [ 98%]
tests/test_workflow_command_checks.py::TestCmakeBuildType::test_source_dir_form_is_a_configure PASSED [ 98%]
tests/test_workflow_command_checks.py::TestCmakeBuildType::test_a_commented_out_configure_is_not_checked PASSED [ 98%]
tests/test_workflow_command_checks.py::TestPytestPrerequisites::test_pytest_without_a_build_is_reported PASSED [ 98%]
tests/test_workflow_command_checks.py::TestPytestPrerequisites::test_the_exact_shape_that_shipped_at_725f2f1 PASSED [ 98%]
tests/test_workflow_command_checks.py::TestPytestPrerequisites::test_the_diagnostic_escape_satisfies_it PASSED [ 98%]
tests/test_workflow_command_checks.py::TestPytestPrerequisites::test_the_escape_is_honoured_at_workflow_scope PASSED [ 98%]
tests/test_workflow_command_checks.py::TestPytestPrerequisites::test_the_escape_is_honoured_at_job_scope PASSED [ 98%]
tests/test_workflow_command_checks.py::TestPytestPrerequisites::test_an_expression_valued_escape_is_not_accepted PASSED [ 98%]
tests/test_workflow_command_checks.py::TestPytestPrerequisites::test_build_pipeline_is_not_an_escape PASSED [ 98%]
tests/test_workflow_command_checks.py::TestPytestPrerequisites::test_a_preceding_build_satisfies_it[cmake --build build -j2] PASSED [ 98%]
tests/test_workflow_command_checks.py::TestPytestPrerequisites::test_a_preceding_build_satisfies_it[pip install -e ".[dev,hsm]"] PASSED [ 98%]
tests/test_workflow_command_checks.py::TestPytestPrerequisites::test_a_preceding_build_satisfies_it[pip install .] PASSED [ 98%]
tests/test_workflow_command_checks.py::TestPytestPrerequisites::test_a_preceding_build_satisfies_it[pip install dist/ama_cryptography-5.0.0-cp311-cp311-linux_x86_64.whl] PASSED [ 98%]
tests/test_workflow_command_checks.py::TestPytestPrerequisites::test_a_preceding_build_satisfies_it[python setup.py build_ext --inplace] PASSED [ 98%]
tests/test_workflow_command_checks.py::TestPytestPrerequisites::test_a_preceding_build_satisfies_it[make c] PASSED [ 98%]
tests/test_workflow_command_checks.py::TestPytestPrerequisites::test_a_build_after_the_pytest_step_does_not_satisfy_it PASSED [ 98%]
tests/test_workflow_command_checks.py::TestPytestPrerequisites::test_a_build_in_another_job_does_not_satisfy_it PASSED [ 98%]
tests/test_workflow_command_checks.py::TestPytestPrerequisites::test_installing_pytest_is_not_running_pytest PASSED [ 98%]
tests/test_workflow_command_checks.py::TestPytestPrerequisites::test_a_comment_mentioning_pytest_is_not_an_invocation PASSED [ 98%]
tests/test_workflow_command_checks.py::TestPytestPrerequisites::test_a_heredoc_body_is_not_read_as_commands PASSED [ 98%]
tests/test_workflow_command_checks.py::TestPytestPrerequisites::test_a_leading_env_assignment_does_not_hide_the_command PASSED [ 98%]
tests/test_workflow_command_checks.py::TestPytestPrerequisites::test_a_chained_command_is_seen PASSED [ 98%]
tests/test_workflow_command_checks.py::TestPytestPrerequisites::test_a_continuation_joined_build_counts PASSED [ 98%]
tests/test_workflow_command_checks.py::TestGatedJobsRunTheirPayload::test_self_probe_gated_payload_in_a_gated_job_is_reported PASSED [ 98%]
tests/test_workflow_command_checks.py::TestGatedJobsRunTheirPayload::test_a_job_level_if_is_the_honest_form_and_passes PASSED [ 98%]
tests/test_workflow_command_checks.py::TestGatedJobsRunTheirPayload::test_unconditional_payload_passes PASSED [ 98%]
tests/test_workflow_command_checks.py::TestGatedJobsRunTheirPayload::test_outcome_gated_diagnostic_step_is_not_flagged PASSED [ 98%]
tests/test_workflow_command_checks.py::TestGatedJobsRunTheirPayload::test_self_probe_in_a_non_gated_job_is_not_this_check PASSED [ 98%]
tests/test_workflow_command_checks.py::TestMalformedWorkflow::test_unparseable_yaml_is_reported PASSED [ 98%]
tests/test_workflow_command_checks.py::TestMalformedWorkflow::test_empty_directory_fails_the_nonvacuity_floor PASSED [ 98%]
tests/test_workflow_command_checks.py::TestMalformedWorkflow::test_a_workflow_set_at_the_floor_does_not_trip_it PASSED [ 98%]
tests/test_workflow_command_checks.py::TestRepositoryWorkflows::test_repository_workflows_pass PASSED [ 98%]
tests/test_workflow_command_checks.py::TestRepositoryWorkflows::test_every_runner_label_resolved PASSED [ 98%]
tests/test_workflow_command_checks.py::TestRepositoryWorkflows::test_gate_actually_inspected_something PASSED [ 98%]
tests/test_workflow_command_checks.py::TestRepositoryWorkflows::test_the_constant_time_gate_builds_an_optimized_library PASSED [ 98%]
tests/test_workflow_command_checks.py::TestRepositoryWorkflows::test_main_exits_zero_on_this_repository PASSED [ 98%]
tests/test_workflow_path_filters.py::test_some_workflow_is_path_filtered PASSED [ 98%]
tests/test_workflow_path_filters.py::test_every_script_the_workflow_runs_is_in_its_own_filter[arm-qemu.yml] PASSED [ 98%]
tests/test_workflow_path_filters.py::test_every_script_the_workflow_runs_is_in_its_own_filter[baseline-guard.yml] PASSED [ 98%]
tests/test_workflow_path_filters.py::test_every_script_the_workflow_runs_is_in_its_own_filter[corpus-provenance.yml] PASSED [ 98%]
tests/test_workflow_path_filters.py::test_every_script_the_workflow_runs_is_in_its_own_filter[dudect.yml] PASSED [ 99%]
tests/test_workflow_path_filters.py::test_every_script_the_workflow_runs_is_in_its_own_filter[integrity-anchor-check.yml] PASSED [ 99%]
tests/test_workflow_path_filters.py::test_every_script_the_workflow_runs_is_in_its_own_filter[wiki-sync.yml] PASSED [ 99%]
tests/test_workflow_path_filters.py::test_a_cmake_configuring_workflow_lists_cmakelists[arm-qemu.yml] PASSED [ 99%]
tests/test_workflow_path_filters.py::test_a_cmake_configuring_workflow_lists_cmakelists[baseline-guard.yml] SKIPPED [ 99%]
tests/test_workflow_path_filters.py::test_a_cmake_configuring_workflow_lists_cmakelists[corpus-provenance.yml] SKIPPED [ 99%]
tests/test_workflow_path_filters.py::test_a_cmake_configuring_workflow_lists_cmakelists[dudect.yml] PASSED [ 99%]
tests/test_workflow_path_filters.py::test_a_cmake_configuring_workflow_lists_cmakelists[integrity-anchor-check.yml] PASSED [ 99%]
tests/test_workflow_path_filters.py::test_a_cmake_configuring_workflow_lists_cmakelists[wiki-sync.yml] SKIPPED [ 99%]
tests/test_workflow_path_filters.py::test_push_and_pull_request_filters_agree[arm-qemu.yml] PASSED [ 99%]
tests/test_workflow_path_filters.py::test_push_and_pull_request_filters_agree[baseline-guard.yml] SKIPPED [ 99%]
tests/test_workflow_path_filters.py::test_push_and_pull_request_filters_agree[corpus-provenance.yml] SKIPPED [ 99%]
tests/test_workflow_path_filters.py::test_push_and_pull_request_filters_agree[dudect.yml] PASSED [ 99%]
tests/test_workflow_path_filters.py::test_push_and_pull_request_filters_agree[integrity-anchor-check.yml] SKIPPED [ 99%]
tests/test_workflow_path_filters.py::test_push_and_pull_request_filters_agree[wiki-sync.yml] SKIPPED [ 99%]
tests/test_wycheproof_corpus_provenance.py::test_vendored_corpus_matches_manifest PASSED [ 99%]
tests/test_wycheproof_corpus_provenance.py::test_offline_verify_is_not_vacuous PASSED [ 99%]
tests/test_wycheproof_corpus_provenance.py::test_offline_verify_catches_a_vector_count_drift PASSED [ 99%]
tests/test_wycheproof_corpus_provenance.py::test_derive_file_meta_counts_and_digest PASSED [ 99%]
tests/test_wycheproof_corpus_provenance.py::test_upstream_url_targets_raw_github_at_the_commit PASSED [ 99%]
tests/test_wycheproof_corpus_provenance.py::test_vendored_bytes_match_upstream SKIPPED [ 99%]
tests/test_wycheproof_fetch_retry.py::test_a_reset_connection_is_retried_and_survived PASSED [ 99%]
tests/test_wycheproof_fetch_retry.py::test_the_final_attempt_is_unguarded PASSED [ 99%]
tests/test_wycheproof_fetch_retry.py::test_a_permanent_status_is_not_retried[400] PASSED [ 99%]
tests/test_wycheproof_fetch_retry.py::test_a_permanent_status_is_not_retried[401] PASSED [ 99%]
tests/test_wycheproof_fetch_retry.py::test_a_permanent_status_is_not_retried[403] PASSED [ 99%]
tests/test_wycheproof_fetch_retry.py::test_a_permanent_status_is_not_retried[404] PASSED [ 99%]
tests/test_wycheproof_fetch_retry.py::test_a_permanent_status_is_not_retried[410] PASSED [ 99%]
tests/test_wycheproof_fetch_retry.py::test_a_transient_status_is_retried[429] PASSED [ 99%]
tests/test_wycheproof_fetch_retry.py::test_a_transient_status_is_retried[500] PASSED [ 99%]
tests/test_wycheproof_fetch_retry.py::test_a_transient_status_is_retried[502] PASSED [ 99%]
tests/test_wycheproof_fetch_retry.py::test_a_transient_status_is_retried[503] PASSED [ 99%]
tests/test_wycheproof_fetch_retry.py::test_a_transient_status_is_retried[504] PASSED [ 99%]
tests/test_wycheproof_fetch_retry.py::test_a_non_transport_error_is_not_retried PASSED [ 99%]
tests/test_wycheproof_fetch_retry.py::test_the_https_guard_is_checked_before_any_attempt PASSED [ 99%]
tests/test_wycheproof_fetch_retry.py::test_a_wrong_digest_still_fails_and_is_never_retried PASSED [ 99%]
tests/test_wycheproof_fetch_retry.py::test_the_fixture_errors_own_no_operating_system_resource PASSED [ 99%]
tests/test_wycheproof_fetch_retry.py::test_zero_attempts_still_makes_one PASSED [ 99%]
tests/test_wycheproof_fetch_retry.py::TestRedirectsCannotLeaveHTTPS::test_a_redirect_off_https_is_refused[http://mirror.invalid/corpus.json] PASSED [ 99%]
tests/test_wycheproof_fetch_retry.py::TestRedirectsCannotLeaveHTTPS::test_a_redirect_off_https_is_refused[ftp://mirror.invalid/corpus.json] PASSED [ 99%]
tests/test_wycheproof_fetch_retry.py::TestRedirectsCannotLeaveHTTPS::test_a_redirect_off_https_is_refused[file:///etc/passwd] PASSED [ 99%]
tests/test_wycheproof_fetch_retry.py::TestRedirectsCannotLeaveHTTPS::test_a_redirect_off_https_is_refused[//mirror.invalid/corpus.json] PASSED [ 99%]
tests/test_wycheproof_fetch_retry.py::TestRedirectsCannotLeaveHTTPS::test_an_https_redirect_is_allowed PASSED [ 99%]
tests/test_wycheproof_fetch_retry.py::TestRedirectsCannotLeaveHTTPS::test_the_fetcher_installs_the_handler PASSED [ 99%]
tests/test_wycheproof_gate.py::test_real_drivers_pass_the_tripwire PASSED [ 99%]
tests/test_wycheproof_gate.py::test_hollow_driver_is_caught_for_each_family[aead_test_schema_v1.json] PASSED [ 99%]
tests/test_wycheproof_gate.py::test_hollow_driver_is_caught_for_each_family[ecdsa_verify_schema_v1.json] PASSED [ 99%]
tests/test_wycheproof_gate.py::test_hollow_driver_is_caught_for_each_family[eddsa_verify_schema_v1.json] PASSED [ 99%]
tests/test_wycheproof_gate.py::test_hollow_driver_is_caught_for_each_family[hkdf_test_schema_v1.json] PASSED [ 99%]
tests/test_wycheproof_gate.py::test_hollow_driver_is_caught_for_each_family[mac_test_schema_v1.json] PASSED [ 99%]
tests/test_wycheproof_gate.py::test_hollow_driver_is_caught_for_each_family[xdh_comp_schema_v1.json] PASSED [ 99%]
tests/test_wycheproof_gate.py::test_every_driven_schema_has_a_tripwire_field PASSED [ 99%]
tests/test_wycheproof_gate.py::test_ecdsa_tripwire_flips_inside_s_not_the_der_tag PASSED [ 99%]
tests/test_wycheproof_gate.py::test_reverse_coverage_flags_an_unlisted_vector_file PASSED [ 99%]
tests/test_x25519_canonical_u.py::test_wycheproof_tc88_matches_the_reduced_interpretation PASSED [ 99%]
tests/test_x25519_canonical_u.py::test_non_canonical_and_canonical_encodings_agree PASSED [ 99%]
tests/test_x25519_canonical_u.py::test_every_value_in_the_non_canonical_band_reduces[0] PASSED [ 99%]
tests/test_x25519_canonical_u.py::test_every_value_in_the_non_canonical_band_reduces[1] PASSED [ 99%]
tests/test_x25519_canonical_u.py::test_every_value_in_the_non_canonical_band_reduces[2] PASSED [ 99%]
tests/test_x25519_canonical_u.py::test_every_value_in_the_non_canonical_band_reduces[3] PASSED [ 99%]
tests/test_x25519_canonical_u.py::test_every_value_in_the_non_canonical_band_reduces[7] PASSED [ 99%]
tests/test_x25519_canonical_u.py::test_every_value_in_the_non_canonical_band_reduces[18] PASSED [ 99%]
tests/test_x25519_canonical_u.py::test_high_bit_is_still_masked PASSED   [ 99%]
tests/test_x25519_canonical_u.py::test_low_order_public_keys_are_rejected_not_zeroed PASSED [ 99%]
tests/test_x25519_canonical_u.py::test_normal_exchange_still_agrees_both_ways PASSED [ 99%]
tests/test_x25519_dispatch_policy.py::test_batch_correctness_default PASSED [ 99%]
tests/test_x25519_dispatch_policy.py::test_batch_correctness_avx2_optin PASSED [ 99%]
tests/test_x25519_dispatch_policy.py::test_avx2_optin_dispatch_print_differs PASSED [ 99%]
tests/test_x25519_dispatch_policy.py::test_low_order_rejection_uniform PASSED [100%]

=========================== short test summary info ============================
SKIPPED [1] tests/test_avx_scoping_gate.py:239: SSE4.1 declares no required kernel by design
SKIPPED [1] tests/test_choco_retry_gate.py:208: needs pwsh and a POSIX shell shim for `choco`; on Windows the shim cannot be executed, and the helper's real exercise there is the workflow install step rather than a fake
SKIPPED [1] tests/test_choco_retry_gate.py:233: needs pwsh and a POSIX shell shim for `choco`; on Windows the shim cannot be executed, and the helper's real exercise there is the workflow install step rather than a fake
SKIPPED [1] tests/test_choco_retry_gate.py:259: needs pwsh and a POSIX shell shim for `choco`; on Windows the shim cannot be executed, and the helper's real exercise there is the workflow install step rather than a fake
SKIPPED [1] tests/test_choco_retry_gate.py:284: needs pwsh and a POSIX shell shim for `choco`; on Windows the shim cannot be executed, and the helper's real exercise there is the workflow install step rather than a fake
SKIPPED [1] tests/test_choco_retry_gate.py:295: needs pwsh and a POSIX shell shim for `choco`; on Windows the shim cannot be executed, and the helper's real exercise there is the workflow install step rather than a fake
SKIPPED [1] tests/test_crypto_import_paths.py:574: Live TSA integration test — requires network and a TSA endpoint. Enable by providing TSA_URL env var and running with -m integration.
SKIPPED [1] tests/test_workflow_path_filters.py:172: baseline-guard.yml does not configure or drive CMake
SKIPPED [1] tests/test_workflow_path_filters.py:172: corpus-provenance.yml does not configure or drive CMake
SKIPPED [1] tests/test_workflow_path_filters.py:172: wiki-sync.yml does not configure or drive CMake
SKIPPED [1] tests/test_workflow_path_filters.py:187: baseline-guard.yml filters only one event
SKIPPED [1] tests/test_workflow_path_filters.py:187: corpus-provenance.yml filters only one event
SKIPPED [1] tests/test_workflow_path_filters.py:187: integrity-anchor-check.yml filters only one event
SKIPPED [1] tests/test_workflow_path_filters.py:187: wiki-sync.yml filters only one event
SKIPPED [1] tests/test_wycheproof_corpus_provenance.py:113: network-dependent; set AMA_WYCHEPROOF_ONLINE=1 to check upstream bytes
======= 6810 passed, 15 skipped, 7 subtests passed in 463.40s (0:07:43) ========
